Fri, 02 Jun 17 00:00:01 -0400	Mailer Error (admin@wmnetworking.co.uk): SMTP connect() failed. https://github.com/PHPMailer/PHPMailer/wiki/Troubleshooting
Sat, 03 Jun 17 00:00:02 -0400	Mailer Error (admin@wmnetworking.co.uk): SMTP connect() failed. https://github.com/PHPMailer/PHPMailer/wiki/Troubleshooting
Sun, 04 Jun 17 00:00:02 -0400	Mailer Error (admin@wmnetworking.co.uk): SMTP connect() failed. https://github.com/PHPMailer/PHPMailer/wiki/Troubleshooting
Mon, 05 Jun 17 00:00:01 -0400	Mailer Error (admin@wmnetworking.co.uk): SMTP connect() failed. https://github.com/PHPMailer/PHPMailer/wiki/Troubleshooting
Tue, 06 Jun 17 00:00:02 -0400	Mailer Error (admin@wmnetworking.co.uk): SMTP connect() failed. https://github.com/PHPMailer/PHPMailer/wiki/Troubleshooting
Wed, 07 Jun 17 00:00:02 -0400	Mailer Error (admin@wmnetworking.co.uk): SMTP connect() failed. https://github.com/PHPMailer/PHPMailer/wiki/Troubleshooting
Wed, 07 Jun 17 17:06:50 -0400	Mailer Error (admin@wmnetworking.co.uk): SMTP connect() failed. https://github.com/PHPMailer/PHPMailer/wiki/Troubleshooting
Thu, 08 Jun 17 00:00:02 -0400	Mailer Error (admin@wmnetworking.co.uk): SMTP connect() failed. https://github.com/PHPMailer/PHPMailer/wiki/Troubleshooting
Fri, 09 Jun 17 00:00:02 -0400	Mailer Error (admin@wmnetworking.co.uk): SMTP connect() failed. https://github.com/PHPMailer/PHPMailer/wiki/Troubleshooting
Sat, 10 Jun 17 00:00:02 -0400	Mailer Error (admin@wmnetworking.co.uk): SMTP connect() failed. https://github.com/PHPMailer/PHPMailer/wiki/Troubleshooting
Sun, 11 Jun 17 00:00:01 -0400	Mailer Error (admin@wmnetworking.co.uk): SMTP connect() failed. https://github.com/PHPMailer/PHPMailer/wiki/Troubleshooting
Mon, 12 Jun 17 00:00:02 -0400	Mailer Error (admin@wmnetworking.co.uk): SMTP connect() failed. https://github.com/PHPMailer/PHPMailer/wiki/Troubleshooting
Tue, 13 Jun 17 00:00:02 -0400	Mailer Error (admin@wmnetworking.co.uk): SMTP connect() failed. https://github.com/PHPMailer/PHPMailer/wiki/Troubleshooting
Wed, 14 Jun 17 00:00:02 -0400	Mailer Error (admin@wmnetworking.co.uk): SMTP connect() failed. https://github.com/PHPMailer/PHPMailer/wiki/Troubleshooting
Wed, 14 Jun 17 04:22:24 -0400	Mailer Error (admin@wmnetworking.co.uk): SMTP connect() failed. https://github.com/PHPMailer/PHPMailer/wiki/Troubleshooting
Wed, 14 Jun 17 07:40:37 -0400	Mailer Error (admin@wmnetworking.co.uk): SMTP connect() failed. https://github.com/PHPMailer/PHPMailer/wiki/Troubleshooting
Wed, 14 Jun 17 14:26:46 -0400	Mailer Error (admin@wmnetworking.co.uk): SMTP connect() failed. https://github.com/PHPMailer/PHPMailer/wiki/Troubleshooting
Wed, 14 Jun 17 18:29:59 -0400	Mailer Error (admin@birminghama.co.uk): SMTP connect() failed. https://github.com/PHPMailer/PHPMailer/wiki/Troubleshooting
Wed, 14 Jun 17 20:05:15 -0400	Mailer Error (freddymutshipayi@gmail.com): SMTP connect() failed. https://github.com/PHPMailer/PHPMailer/wiki/Troubleshooting
Wed, 14 Jun 17 20:05:15 -0400	Mailer Error (admin@wmnetworking.co.uk): SMTP connect() failed. https://github.com/PHPMailer/PHPMailer/wiki/Troubleshooting
Wed, 14 Jun 17 20:07:27 -0400	Mailer Error (admin@wmnetworking.co.uk): SMTP connect() failed. https://github.com/PHPMailer/PHPMailer/wiki/Troubleshooting
Wed, 14 Jun 17 20:16:46 -0400	Mailer Error (freddymutshipayi@gmail.com): SMTP connect() failed. https://github.com/PHPMailer/PHPMailer/wiki/Troubleshooting
Wed, 14 Jun 17 20:16:46 -0400	Mailer Error (admin@wmnetworking.co.uk): SMTP connect() failed. https://github.com/PHPMailer/PHPMailer/wiki/Troubleshooting
Wed, 14 Jun 17 20:19:50 -0400	Mailer Error (freddymutshipayi@gmail.com): SMTP connect() failed. https://github.com/PHPMailer/PHPMailer/wiki/Troubleshooting
Wed, 14 Jun 17 20:21:10 -0400	Mailer Error (admin@wmnetworking.co.uk): SMTP connect() failed. https://github.com/PHPMailer/PHPMailer/wiki/Troubleshooting
Wed, 14 Jun 17 20:25:10 -0400	Mailer Error (freddymutshipayi@gmail.com): SMTP connect() failed. https://github.com/PHPMailer/PHPMailer/wiki/Troubleshooting
Wed, 14 Jun 17 20:25:10 -0400	Mailer Error (admin@wmnetworking.co.uk): SMTP connect() failed. https://github.com/PHPMailer/PHPMailer/wiki/Troubleshooting
Wed, 14 Jun 17 20:34:57 -0400	Mailer Error (admin@wmnetworking.co.uk): SMTP connect() failed. https://github.com/PHPMailer/PHPMailer/wiki/Troubleshooting
Wed, 14 Jun 17 20:46:36 -0400	Mailer Error (freddymutshipayi@gmail.com): SMTP connect() failed. https://github.com/PHPMailer/PHPMailer/wiki/Troubleshooting
Wed, 14 Jun 17 20:47:54 -0400	Mailer Error (freddymutshipayi@gmail.com): SMTP connect() failed. https://github.com/PHPMailer/PHPMailer/wiki/Troubleshooting
Wed, 14 Jun 17 20:51:07 -0400	Mailer Error (freddymutshipayi@gmail.com): SMTP connect() failed. https://github.com/PHPMailer/PHPMailer/wiki/Troubleshooting
Wed, 14 Jun 17 20:53:32 -0400	Mailer Error (freddymutshipayi@gmail.com): SMTP connect() failed. https://github.com/PHPMailer/PHPMailer/wiki/Troubleshooting
Wed, 14 Jun 17 20:55:05 -0400	Mailer Error (freddymutshipayi@gmail.com): SMTP connect() failed. https://github.com/PHPMailer/PHPMailer/wiki/Troubleshooting
Wed, 14 Jun 17 20:56:35 -0400	Mailer Error (freddymutshipayi@gmail.com): SMTP connect() failed. https://github.com/PHPMailer/PHPMailer/wiki/Troubleshooting
Wed, 14 Jun 17 20:57:56 -0400	Mailer Error (freddyminute@yahoo.fr): SMTP connect() failed. https://github.com/PHPMailer/PHPMailer/wiki/Troubleshooting
Wed, 14 Jun 17 20:59:11 -0400	Mailer Error (freddyminute@yahoo.fr): SMTP connect() failed. https://github.com/PHPMailer/PHPMailer/wiki/Troubleshooting
Wed, 14 Jun 17 21:14:22 -0400	Mailer Error (freddymutshipayi@gmail.com): Message body empty
Wed, 14 Jun 17 21:14:51 -0400	Mailer Error (freddymutshipayi@gmail.com): Message body empty
Wed, 14 Jun 17 21:15:22 -0400	Mailer Error (freddymutshipayi@gmail.com): SMTP connect() failed. https://github.com/PHPMailer/PHPMailer/wiki/Troubleshooting
Wed, 30 Aug 17 14:38:08 -0400	Mailer Error (admin@congoconnect.com): SMTP connect() failed. https://github.com/PHPMailer/PHPMailer/wiki/Troubleshooting
Wed, 30 Aug 17 16:21:34 -0400	Mailer Error (freddymutshipayi@gmail.com): SMTP connect() failed. https://github.com/PHPMailer/PHPMailer/wiki/Troubleshooting
Wed, 30 Aug 17 16:27:18 -0400	Mailer Error (freddymutshipayi@gmail.com): SMTP connect() failed. https://github.com/PHPMailer/PHPMailer/wiki/Troubleshooting
Wed, 30 Aug 17 16:27:27 -0400	Mailer Error (freddymutshipayi@gmail.com): SMTP connect() failed. https://github.com/PHPMailer/PHPMailer/wiki/Troubleshooting
Wed, 30 Aug 17 16:28:03 -0400	Mailer Error (freddymutshipayi@gmail.com): SMTP connect() failed. https://github.com/PHPMailer/PHPMailer/wiki/Troubleshooting
Wed, 30 Aug 17 16:29:53 -0400	Mailer Error (freddymutshipayi@gmail.com): Message body empty
Wed, 30 Aug 17 16:32:43 -0400	Mailer Error (freddymutshipayi@gmail.com): Message body empty
Wed, 30 Aug 17 16:33:29 -0400	Mailer Error (freddymutshipayi@gmail.com): SMTP connect() failed. https://github.com/PHPMailer/PHPMailer/wiki/Troubleshooting
Wed, 30 Aug 17 16:33:35 -0400	Mailer Error (freddymutshipayi@gmail.com): SMTP connect() failed. https://github.com/PHPMailer/PHPMailer/wiki/Troubleshooting
Wed, 30 Aug 17 16:40:24 -0400	Mailer Error (freddymutshipayi@gmail.com): Message body empty
Wed, 30 Aug 17 16:41:37 -0400	Mailer Error (freddymutshipayi@gmail.com): Message body empty
Thu, 31 Aug 17 08:39:52 -0400	Mailer Error (freddymutshipayi@gmail.com): Message body empty
Thu, 31 Aug 17 08:41:24 -0400	Mailer Error (freddymutshipayi@gmail.com): SMTP connect() failed. https://github.com/PHPMailer/PHPMailer/wiki/Troubleshooting
Thu, 31 Aug 17 08:41:29 -0400	Mailer Error (freddyminute@yahoo.fr): SMTP connect() failed. https://github.com/PHPMailer/PHPMailer/wiki/Troubleshooting
Thu, 31 Aug 17 08:41:29 -0400	Mailer Error (freddyminute@yahoo.fr): SMTP connect() failed. https://github.com/PHPMailer/PHPMailer/wiki/Troubleshooting
Thu, 31 Aug 17 09:09:19 -0400	Mailer Error (westmidlandsnetworking@gmail.com): Message body empty
Fri, 01 Sep 17 06:27:50 -0400	Mailer Error (freddyminute@gmail.com): SMTP connect() failed. https://github.com/PHPMailer/PHPMailer/wiki/Troubleshooting
Fri, 01 Sep 17 06:32:57 -0400	Mailer Error (freddyminute@gmail.com): SMTP connect() failed. https://github.com/PHPMailer/PHPMailer/wiki/Troubleshooting
Fri, 01 Sep 17 06:39:15 -0400	Mailer Error (freddyminute@gmail.com): Message body empty
Fri, 01 Sep 17 06:42:43 -0400	Mailer Error (freddyminute@gmail.com): Message body empty
Fri, 01 Sep 17 10:49:04 -0400	Mailer Error (freddymutshipayi@gmail.com): SMTP connect() failed. https://github.com/PHPMailer/PHPMailer/wiki/Troubleshooting
Fri, 01 Sep 17 10:50:25 -0400	Mailer Error (freddymutshipayi@gmail.com): SMTP connect() failed. https://github.com/PHPMailer/PHPMailer/wiki/Troubleshooting
Fri, 01 Sep 17 10:53:51 -0400	Mailer Error (freddymutshipayi@gmail.com): SMTP connect() failed. https://github.com/PHPMailer/PHPMailer/wiki/Troubleshooting
Fri, 01 Sep 17 10:56:22 -0400	Mailer Error (freddymutshipayi@gmail.com): SMTP connect() failed. https://github.com/PHPMailer/PHPMailer/wiki/Troubleshooting
Fri, 01 Sep 17 10:59:10 -0400	Mailer Error (freddymutshipayi@gmail.com): SMTP connect() failed. https://github.com/PHPMailer/PHPMailer/wiki/Troubleshooting
Fri, 01 Sep 17 16:54:26 -0400	Mailer Error (ookapiaconnect@gmail.com): SMTP connect() failed. https://github.com/PHPMailer/PHPMailer/wiki/Troubleshooting
Fri, 01 Sep 17 16:56:47 -0400	Mailer Error (ookapiaconnect@gmail.com): SMTP connect() failed. https://github.com/PHPMailer/PHPMailer/wiki/Troubleshooting
Fri, 01 Sep 17 16:57:43 -0400	Mailer Error (ookapiaconnect@gmail.com): SMTP connect() failed. https://github.com/PHPMailer/PHPMailer/wiki/Troubleshooting
Fri, 01 Sep 17 16:57:59 -0400	Mailer Error (ookapiaconnect@gmail.com): SMTP connect() failed. https://github.com/PHPMailer/PHPMailer/wiki/Troubleshooting
Fri, 01 Sep 17 17:03:36 -0400	Mailer Error (ookapiaconnect@gmail.com): SMTP connect() failed. https://github.com/PHPMailer/PHPMailer/wiki/Troubleshooting
Mon, 16 Oct 17 05:08:37 -0400	Mailer Error (admin@midlandsconnect.co.uk): Message body empty
Mon, 16 Oct 17 05:08:37 -0400	Mailer Error (admin@midlandsconnect.co.uk): Message body empty
Mon, 16 Oct 17 05:16:54 -0400	Mailer Error (admin@midlandsconnect.co.uk): Message body empty
Mon, 16 Oct 17 05:16:55 -0400	Mailer Error (admin@midlandsconnect.co.uk): Message body empty
Mon, 16 Oct 17 05:46:48 -0400	Mailer Error (admin@midlandsconnect.co.uk): Message body empty
Mon, 16 Oct 17 05:46:48 -0400	Mailer Error (admin@midlandsconnect.co.uk): Message body empty
Sun, 19 Nov 17 22:15:03 -0500	Mailer Error (admin@midlandsconnect.co.uk): Message body empty
Tue, 21 Nov 17 16:21:34 -0500	Mailer Error (admin@midlandsconnect.co.uk): Message body empty
Tue, 21 Nov 17 16:40:16 -0500	Mailer Error (admin@midlandsconnect.co.uk): Message body empty
Tue, 21 Nov 17 16:44:06 -0500	Mailer Error (admin@midlandsconnect.co.uk): Message body empty
Sun, 31 Dec 17 00:00:02 -0500	Mailer Error (admin@midlandsconnect.co.uk): SMTP connect() failed. https://github.com/PHPMailer/PHPMailer/wiki/Troubleshooting
Sun, 11 Mar 18 13:48:41 -0400	Mailer Error (admin@midlandsconnect.co.uk): Message body empty
Sun, 11 Mar 18 13:48:41 -0400	Mailer Error (admin@midlandsconnect.co.uk): Message body empty
Sun, 11 Mar 18 13:50:23 -0400	Mailer Error (admin@midlandsconnect.co.uk): Message body empty
Mon, 19 Mar 18 19:48:17 -0400	Mailer Error (freddymutshipayi@gmail.com): Message body empty
Tue, 20 Mar 18 07:21:14 -0400	Mailer Error (admin@midlandsconnect.co.uk): Message body empty
Tue, 20 Mar 18 07:32:58 -0400	Mailer Error (admin@midlandsconnect.co.uk): Message body empty
Wed, 28 Mar 18 01:09:48 -0400	Mailer Error (admin@midlandsconnect.co.uk): Message body empty
Wed, 28 Mar 18 01:09:48 -0400	Mailer Error (admin@midlandsconnect.co.uk): Message body empty
Wed, 28 Mar 18 01:31:02 -0400	Mailer Error (admin@midlandsconnect.co.uk): Message body empty
Wed, 28 Mar 18 01:31:02 -0400	Mailer Error (admin@midlandsconnect.co.uk): Message body empty
Wed, 28 Mar 18 01:48:08 -0400	Mailer Error (admin@midlandsconnect.co.uk): Message body empty
Wed, 28 Mar 18 01:48:08 -0400	Mailer Error (admin@midlandsconnect.co.uk): Message body empty
Wed, 28 Mar 18 08:50:49 -0400	Mailer Error (admin@midlandsconnect.co.uk): Message body empty
Tue, 17 Apr 18 00:00:04 -0400	Mailer Error (admin@midlandsconnect.co.uk): SMTP connect() failed. https://github.com/PHPMailer/PHPMailer/wiki/Troubleshooting
Wed, 18 Apr 18 00:00:04 -0400	Mailer Error (admin@midlandsconnect.co.uk): SMTP connect() failed. https://github.com/PHPMailer/PHPMailer/wiki/Troubleshooting
Thu, 19 Apr 18 00:00:03 -0400	Mailer Error (admin@midlandsconnect.co.uk): SMTP connect() failed. https://github.com/PHPMailer/PHPMailer/wiki/Troubleshooting
Thu, 19 Apr 18 12:10:04 -0400	Mailer Error (admin@midlandsconnect.co.uk): SMTP connect() failed. https://github.com/PHPMailer/PHPMailer/wiki/Troubleshooting
Thu, 19 Apr 18 12:10:10 -0400	Mailer Error (admin@midlandsconnect.co.uk): SMTP connect() failed. https://github.com/PHPMailer/PHPMailer/wiki/Troubleshooting
Fri, 20 Apr 18 00:00:04 -0400	Mailer Error (admin@midlandsconnect.co.uk): SMTP connect() failed. https://github.com/PHPMailer/PHPMailer/wiki/Troubleshooting
Sat, 21 Apr 18 00:00:05 -0400	Mailer Error (admin@midlandsconnect.co.uk): SMTP connect() failed. https://github.com/PHPMailer/PHPMailer/wiki/Troubleshooting
Sun, 22 Apr 18 00:00:05 -0400	Mailer Error (admin@midlandsconnect.co.uk): SMTP connect() failed. https://github.com/PHPMailer/PHPMailer/wiki/Troubleshooting
Mon, 23 Apr 18 00:00:03 -0400	Mailer Error (admin@midlandsconnect.co.uk): SMTP connect() failed. https://github.com/PHPMailer/PHPMailer/wiki/Troubleshooting
Tue, 24 Apr 18 00:00:04 -0400	Mailer Error (admin@midlandsconnect.co.uk): SMTP connect() failed. https://github.com/PHPMailer/PHPMailer/wiki/Troubleshooting
Wed, 25 Apr 18 00:00:04 -0400	Mailer Error (admin@midlandsconnect.co.uk): SMTP connect() failed. https://github.com/PHPMailer/PHPMailer/wiki/Troubleshooting
Thu, 26 Apr 18 00:00:03 -0400	Mailer Error (admin@midlandsconnect.co.uk): SMTP connect() failed. https://github.com/PHPMailer/PHPMailer/wiki/Troubleshooting
Thu, 26 Apr 18 12:10:04 -0400	Mailer Error (admin@midlandsconnect.co.uk): SMTP connect() failed. https://github.com/PHPMailer/PHPMailer/wiki/Troubleshooting
Thu, 26 Apr 18 12:10:10 -0400	Mailer Error (admin@midlandsconnect.co.uk): SMTP connect() failed. https://github.com/PHPMailer/PHPMailer/wiki/Troubleshooting
Fri, 27 Apr 18 00:00:05 -0400	Mailer Error (admin@midlandsconnect.co.uk): SMTP connect() failed. https://github.com/PHPMailer/PHPMailer/wiki/Troubleshooting
Sat, 28 Apr 18 00:00:04 -0400	Mailer Error (admin@midlandsconnect.co.uk): SMTP connect() failed. https://github.com/PHPMailer/PHPMailer/wiki/Troubleshooting
Sun, 29 Apr 18 00:00:04 -0400	Mailer Error (admin@midlandsconnect.co.uk): SMTP connect() failed. https://github.com/PHPMailer/PHPMailer/wiki/Troubleshooting
Mon, 30 Apr 18 00:00:04 -0400	Mailer Error (admin@midlandsconnect.co.uk): SMTP connect() failed. https://github.com/PHPMailer/PHPMailer/wiki/Troubleshooting
Tue, 01 May 18 00:00:04 -0400	Mailer Error (admin@midlandsconnect.co.uk): SMTP connect() failed. https://github.com/PHPMailer/PHPMailer/wiki/Troubleshooting
Wed, 02 May 18 00:00:04 -0400	Mailer Error (admin@midlandsconnect.co.uk): SMTP connect() failed. https://github.com/PHPMailer/PHPMailer/wiki/Troubleshooting
Thu, 03 May 18 00:00:04 -0400	Mailer Error (admin@midlandsconnect.co.uk): SMTP connect() failed. https://github.com/PHPMailer/PHPMailer/wiki/Troubleshooting
Thu, 03 May 18 12:10:04 -0400	Mailer Error (admin@midlandsconnect.co.uk): SMTP connect() failed. https://github.com/PHPMailer/PHPMailer/wiki/Troubleshooting
Thu, 03 May 18 12:10:10 -0400	Mailer Error (admin@midlandsconnect.co.uk): SMTP connect() failed. https://github.com/PHPMailer/PHPMailer/wiki/Troubleshooting
Fri, 04 May 18 00:00:04 -0400	Mailer Error (admin@midlandsconnect.co.uk): SMTP connect() failed. https://github.com/PHPMailer/PHPMailer/wiki/Troubleshooting
Sat, 05 May 18 00:00:04 -0400	Mailer Error (admin@midlandsconnect.co.uk): SMTP connect() failed. https://github.com/PHPMailer/PHPMailer/wiki/Troubleshooting
Sun, 06 May 18 00:00:04 -0400	Mailer Error (admin@midlandsconnect.co.uk): SMTP connect() failed. https://github.com/PHPMailer/PHPMailer/wiki/Troubleshooting
Mon, 07 May 18 00:00:04 -0400	Mailer Error (admin@midlandsconnect.co.uk): SMTP connect() failed. https://github.com/PHPMailer/PHPMailer/wiki/Troubleshooting
Tue, 08 May 18 00:00:04 -0400	Mailer Error (admin@midlandsconnect.co.uk): SMTP connect() failed. https://github.com/PHPMailer/PHPMailer/wiki/Troubleshooting
Wed, 09 May 18 00:00:04 -0400	Mailer Error (admin@midlandsconnect.co.uk): SMTP connect() failed. https://github.com/PHPMailer/PHPMailer/wiki/Troubleshooting
Thu, 10 May 18 00:00:04 -0400	Mailer Error (admin@midlandsconnect.co.uk): SMTP connect() failed. https://github.com/PHPMailer/PHPMailer/wiki/Troubleshooting
Thu, 10 May 18 13:10:04 -0400	Mailer Error (admin@midlandsconnect.co.uk): SMTP connect() failed. https://github.com/PHPMailer/PHPMailer/wiki/Troubleshooting
Thu, 10 May 18 13:10:10 -0400	Mailer Error (admin@midlandsconnect.co.uk): SMTP connect() failed. https://github.com/PHPMailer/PHPMailer/wiki/Troubleshooting
Fri, 11 May 18 00:00:05 -0400	Mailer Error (admin@midlandsconnect.co.uk): SMTP connect() failed. https://github.com/PHPMailer/PHPMailer/wiki/Troubleshooting
Sat, 12 May 18 00:00:05 -0400	Mailer Error (admin@midlandsconnect.co.uk): SMTP connect() failed. https://github.com/PHPMailer/PHPMailer/wiki/Troubleshooting
Sun, 13 May 18 00:00:04 -0400	Mailer Error (admin@midlandsconnect.co.uk): SMTP connect() failed. https://github.com/PHPMailer/PHPMailer/wiki/Troubleshooting
Fri, 27 Jul 18 05:10:02 -0400	Mailer Error (freddyminute@yahoo.fr): Message body empty
Fri, 27 Jul 18 05:10:02 -0400	Mailer Error (freddyminute@yahoo.fr): Message body empty
Fri, 27 Jul 18 05:10:02 -0400	Mailer Error (freddyminute@yahoo.fr): Message body empty
Fri, 27 Jul 18 05:10:02 -0400	Mailer Error (freddyminute@yahoo.fr): Message body empty
Fri, 27 Jul 18 07:00:02 -0400	Mailer Error (freddyminute@yahoo.fr): Message body empty
Fri, 27 Jul 18 07:10:02 -0400	Mailer Error (freddyminute@yahoo.fr): Message body empty
Fri, 27 Jul 18 07:10:02 -0400	Mailer Error (freddyminute@yahoo.fr): Message body empty
Fri, 27 Jul 18 08:30:01 -0400	Mailer Error (freddyminute@yahoo.fr): Message body empty
Fri, 27 Jul 18 08:40:01 -0400	Mailer Error (freddyminute@yahoo.fr): Message body empty
Fri, 27 Jul 18 10:00:01 -0400	Mailer Error (freddyminute@yahoo.fr): Message body empty
Fri, 03 Aug 18 08:20:02 -0400	Mailer Error (freddyminute@yahoo.fr): Message body empty
Fri, 03 Aug 18 08:20:02 -0400	Mailer Error (freddymutshipayi@gmail.com): Message body empty
Fri, 03 Aug 18 08:50:02 -0400	Mailer Error (freddyminute@yahoo.fr): Message body empty
Fri, 03 Aug 18 14:10:01 -0400	Mailer Error (freddymutshipayi@gmail.com): Message body empty
Thu, 09 Aug 18 16:23:49 -0400	Mailer Error (admin@congoconnect.com): Message body empty
Thu, 09 Aug 18 16:34:03 -0400	Mailer Error (admin@congoconnect.com): Message body empty
Sun, 12 Aug 18 01:18:14 -0400	Mailer Error (admin@congoconnect.com): Message body empty
Sun, 12 Aug 18 01:23:44 -0400	Mailer Error (admin@congoconnect.com): Message body empty
Sun, 12 Aug 18 01:30:50 -0400	Mailer Error (admin@congoconnect.com): Message body empty
Sun, 12 Aug 18 11:30:33 -0400	Mailer Error (admin@congoconnect.com): Message body empty
Sun, 12 Aug 18 11:33:28 -0400	Mailer Error (admin@congoconnect.com): Message body empty
Wed, 22 Aug 18 20:13:04 -0400	Mailer Error (freddymutshipayi@gmail.com): SMTP connect() failed. https://github.com/PHPMailer/PHPMailer/wiki/Troubleshooting
Wed, 22 Aug 18 20:14:04 -0400	Mailer Error (freddymutshipayi@gmail.com): SMTP connect() failed. https://github.com/PHPMailer/PHPMailer/wiki/Troubleshooting
Sun, 26 Aug 18 22:10:22 -0400	Mailer Error (connexion@congoconnect.com): Message body empty
Wed, 29 Aug 18 07:02:05 -0400	Mailer Error (connexion@congoconnect.com): Message body empty
Thu, 30 Aug 18 08:20:01 -0400	Mailer Error (freddymutshipayi@gmail.com): Message body empty
Thu, 30 Aug 18 08:20:01 -0400	Mailer Error (freddymutshipayi@gmail.com): Message body empty
Thu, 30 Aug 18 08:40:01 -0400	Mailer Error (freddymutshipayi@gmail.com): Message body empty
Thu, 30 Aug 18 17:00:02 -0400	Mailer Error (freddymutshipayi@gmail.com): Message body empty
Thu, 30 Aug 18 17:10:02 -0400	Mailer Error (freddymutshipayi@gmail.com): Message body empty
Thu, 30 Aug 18 18:20:02 -0400	Mailer Error (freddymutshipayi@gmail.com): Message body empty
Thu, 30 Aug 18 18:50:02 -0400	Mailer Error (freddymutshipayi@gmail.com): Message body empty
Thu, 30 Aug 18 18:50:02 -0400	Mailer Error (freddymutshipayi@gmail.com): Message body empty
Thu, 30 Aug 18 19:10:02 -0400	Mailer Error (freddymutshipayi@gmail.com): Message body empty
Thu, 30 Aug 18 19:50:02 -0400	Mailer Error (freddymutshipayi@gmail.com): Message body empty
Wed, 05 Sep 18 06:30:02 -0400	Mailer Error (freddymutshipayi@gmail.com): Message body empty
Wed, 05 Sep 18 06:30:02 -0400	Mailer Error (bizcongoconnect@gmail.com): Message body empty
Wed, 05 Sep 18 08:40:02 -0400	Mailer Error (freddymutshipayi@gmail.com): Message body empty
Wed, 05 Sep 18 08:40:02 -0400	Mailer Error (bizcongoconnect@gmail.com): Message body empty
Wed, 05 Sep 18 08:40:02 -0400	Mailer Error (freddymutshipayi@gmail.com): Message body empty
Wed, 05 Sep 18 08:40:02 -0400	Mailer Error (bizcongoconnect@gmail.com): Message body empty
Wed, 05 Sep 18 08:40:02 -0400	Mailer Error (freddymutshipayi@gmail.com): Message body empty
Wed, 05 Sep 18 08:40:02 -0400	Mailer Error (bizcongoconnect@gmail.com): Message body empty
Wed, 05 Sep 18 08:40:02 -0400	Mailer Error (freddymutshipayi@gmail.com): Message body empty
Wed, 05 Sep 18 08:40:02 -0400	Mailer Error (bizcongoconnect@gmail.com): Message body empty
Wed, 05 Sep 18 09:30:03 -0400	Mailer Error (freddymutshipayi@gmail.com): Message body empty
Wed, 05 Sep 18 09:30:03 -0400	Mailer Error (bizcongoconnect@gmail.com): Message body empty
Wed, 05 Sep 18 18:30:02 -0400	Mailer Error (freddymutshipayi@gmail.com): Message body empty
Wed, 05 Sep 18 18:30:02 -0400	Mailer Error (bizcongoconnect@gmail.com): Message body empty
Thu, 06 Sep 18 04:10:03 -0400	Mailer Error (freddymutshipayi@gmail.com): Message body empty
Thu, 06 Sep 18 04:10:03 -0400	Mailer Error (bizcongoconnect@gmail.com): Message body empty
Fri, 07 Sep 18 08:50:02 -0400	Mailer Error (freddymutshipayi@gmail.com): Message body empty
Fri, 07 Sep 18 08:50:02 -0400	Mailer Error (bizcongoconnect@gmail.com): Message body empty
Fri, 07 Sep 18 15:50:02 -0400	Mailer Error (freddymutshipayi@gmail.com): Message body empty
Fri, 07 Sep 18 15:50:02 -0400	Mailer Error (bizcongoconnect@gmail.com): Message body empty
Mon, 10 Sep 18 05:59:55 -0400	Mailer Error (connexion@congoconnect.com): Message body empty
Mon, 10 Sep 18 08:13:57 -0400	Mailer Error (connexion@congoconnect.com): Message body empty
Tue, 11 Sep 18 20:10:02 -0400	Mailer Error (bizcongoconnect@gmail.com): Message body empty
Sun, 23 Sep 18 06:30:02 -0400	Mailer Error (bizcongoconnect@gmail.com): Message body empty
Thu, 04 Oct 18 05:10:02 -0400	Mailer Error (bizcongoconnect@gmail.com): Message body empty
Tue, 06 Nov 18 04:10:02 -0500	Mailer Error (bizcongoconnect@gmail.com): Message body empty
Sun, 20 Jan 19 19:10:02 -0500	Mailer Error (bizcongoconnect@gmail.com): Message body empty
Tue, 05 Feb 19 17:49:39 -0500	Mailer Error (connexion@congoconnect.com): Message body empty
Wed, 06 Feb 19 10:30:02 -0500	Mailer Error (bizcongoconnect@gmail.com): Message body empty
Thu, 07 Feb 19 19:50:02 -0500	Mailer Error (bizcongoconnect@gmail.com): Message body empty
Fri, 08 Feb 19 13:05:07 -0500	Mailer Error (connexion@congoconnect.com): Message body empty
Tue, 12 Feb 19 18:42:54 -0500	Mailer Error (freddyminute@gmail.com): Message body empty
Tue, 12 Feb 19 21:00:02 -0500	Mailer Error (bizcongoconnect@gmail.com): Message body empty
Tue, 12 Feb 19 21:00:02 -0500	Mailer Error (freddymutshipayi@gmail.com): Message body empty
Tue, 12 Feb 19 21:30:02 -0500	Mailer Error (bizcongoconnect@gmail.com): Message body empty
Tue, 12 Feb 19 21:30:02 -0500	Mailer Error (freddymutshipayi@gmail.com): Message body empty
Tue, 12 Feb 19 21:30:02 -0500	Mailer Error (bizcongoconnect@gmail.com): Message body empty
Tue, 12 Feb 19 21:40:02 -0500	Mailer Error (bizcongoconnect@gmail.com): Message body empty
Tue, 12 Feb 19 21:40:02 -0500	Mailer Error (freddymutshipayi@gmail.com): Message body empty
Wed, 13 Feb 19 21:20:02 -0500	Mailer Error (bizcongoconnect@gmail.com): Message body empty
Wed, 13 Feb 19 21:20:02 -0500	Mailer Error (freddymutshipayi@gmail.com): Message body empty
Fri, 15 Feb 19 12:31:28 -0500	Mailer Error (connexion@congoconnect.com): Message body empty
Fri, 15 Feb 19 16:26:53 -0500	Mailer Error (connexion@congoconnect.com): Message body empty
Fri, 15 Feb 19 17:41:50 -0500	Mailer Error (connexion@congoconnect.com): Message body empty
Fri, 15 Feb 19 21:45:47 -0500	Mailer Error (connexion@congoconnect.com): Message body empty
Mon, 18 Feb 19 10:20:02 -0500	Mailer Error (bizcongoconnect@gmail.com): Message body empty
Mon, 18 Feb 19 10:20:02 -0500	Mailer Error (freddyminute@gmail.com): Message body empty
Sat, 04 May 19 16:00:02 -0400	Mailer Error (bizcongoconnect@gmail.com): Message body empty
Sat, 04 May 19 16:00:02 -0400	Mailer Error (freddyminute@gmail.com): Message body empty
Sat, 04 May 19 16:00:02 -0400	Mailer Error (freddymutshipayi@gmail.com): Message body empty
Sat, 04 May 19 16:00:02 -0400	Mailer Error (bizcongoconnect@gmail.com): Message body empty
Sat, 04 May 19 16:00:02 -0400	Mailer Error (freddyminute@gmail.com): Message body empty
Sat, 04 May 19 16:00:02 -0400	Mailer Error (freddymutshipayi@gmail.com): Message body empty
Sun, 05 May 19 18:51:19 -0400	Mailer Error (connexion@congoconnect.com): Message body empty
Wed, 08 May 19 02:20:02 -0400	Mailer Error (freddymutshipayi@gmail.com): Message body empty
Wed, 08 May 19 02:40:01 -0400	Mailer Error (freddymutshipayi@gmail.com): Message body empty
Wed, 08 May 19 16:10:02 -0400	Mailer Error (freddymutshipayi@gmail.com): Message body empty
Wed, 08 May 19 16:20:02 -0400	Mailer Error (freddymutshipayi@gmail.com): Message body empty
Tue, 04 Jun 19 22:27:33 -0400	Mailer Error (admin@dcu-rdc.com): Message body empty
Wed, 31 Jul 19 00:52:44 +0200	Mailer Error (freddymutshipayi@gmail.com): SMTP connect() failed. https://github.com/PHPMailer/PHPMailer/wiki/Troubleshooting
Wed, 31 Jul 19 01:05:18 +0200	Mailer Error (freddymutshipayi@gmail.com): SMTP connect() failed. https://github.com/PHPMailer/PHPMailer/wiki/Troubleshooting
Wed, 31 Jul 19 01:05:24 +0200	Mailer Error (freddyminute@gmail.com): SMTP connect() failed. https://github.com/PHPMailer/PHPMailer/wiki/Troubleshooting
Wed, 31 Jul 19 02:32:59 +0200	Mailer Error (freddymutshipayi@gmail.com): SMTP connect() failed. https://github.com/PHPMailer/PHPMailer/wiki/Troubleshooting
Wed, 31 Jul 19 02:33:05 +0200	Mailer Error (freddymutshipayi@gmail.com): SMTP connect() failed. https://github.com/PHPMailer/PHPMailer/wiki/Troubleshooting
Wed, 31 Jul 19 02:33:28 +0200	Mailer Error (freddymutshipayi@gmail.com): SMTP connect() failed. https://github.com/PHPMailer/PHPMailer/wiki/Troubleshooting
Wed, 31 Jul 19 02:34:46 +0200	Mailer Error (freddymutshipayi@gmail.com): SMTP connect() failed. https://github.com/PHPMailer/PHPMailer/wiki/Troubleshooting
Wed, 31 Jul 19 02:35:52 +0200	Mailer Error (freddymutshipayi@gmail.com): SMTP connect() failed. https://github.com/PHPMailer/PHPMailer/wiki/Troubleshooting
Fri, 16 Aug 19 03:28:36 +0200	Mailer Error (boyoma@tshopoconnect.com): Message body empty
Fri, 16 Aug 19 03:28:36 +0200	Mailer Error (boyoma@tshopoconnect.com): Message body empty
Fri, 16 Aug 19 03:33:44 +0200	Mailer Error (boyoma@tshopoconnect.com): Message body empty
Sat, 17 Aug 19 18:23:43 +0200	Mailer Error (boyoma@tshopoconnect.com): Message body empty
Sat, 17 Aug 19 18:51:29 +0200	Mailer Error (boyoma@tshopoconnect.com): Message body empty
Sat, 17 Aug 19 18:55:59 +0200	Mailer Error (boyoma@tshopoconnect.com): Message body empty
Mon, 19 Aug 19 05:04:15 +0200	Mailer Error (boyoma@tshopoconnect.com): Message body empty
Tue, 20 Aug 19 19:13:18 +0200	Mailer Error (boyoma@tshopoconnect.com): Message body empty
Tue, 20 Aug 19 19:23:06 +0200	Mailer Error (boyoma@tshopoconnect.com): Message body empty
Tue, 20 Aug 19 19:53:39 +0200	Mailer Error (boyoma@tshopoconnect.com): Message body empty
Tue, 20 Aug 19 23:23:59 +0200	Mailer Error (boyoma@tshopoconnect.com): Message body empty
Tue, 20 Aug 19 23:51:05 +0200	Mailer Error (boyoma@tshopoconnect.com): Message body empty
Tue, 20 Aug 19 23:51:29 +0200	Mailer Error (boyoma@tshopoconnect.com): Message body empty
Tue, 20 Aug 19 23:54:35 +0200	Mailer Error (boyoma@tshopoconnect.com): Message body empty
Tue, 20 Aug 19 23:55:46 +0200	Mailer Error (boyoma@tshopoconnect.com): Message body empty
Sat, 14 Sep 19 19:12:37 +0200	Mailer Error (boyoma@tshopoconnect.com): Message body empty
Thu, 05 Dec 19 11:37:50 +0100	Mailer Error (connexion@congoconnect.com): Message body empty
Thu, 05 Dec 19 11:39:41 +0100	Mailer Error (connexion@congoconnect.com): Message body empty
Tue, 17 Dec 19 14:20:01 +0100	Mailer Error (freddyminute@gmail.com): Message body empty
Wed, 18 Dec 19 10:51:30 +0100	Mailer Error (connexion@congoconnect.com): Message body empty
Wed, 18 Dec 19 11:30:53 +0100	Mailer Error (connexion@congoconnect.com): Message body empty
Wed, 12 Feb 20 15:43:47 +0100	Mailer Error (connexion@congoconnect.com): Message body empty
Wed, 12 Feb 20 15:44:50 +0100	Mailer Error (connexion@congoconnect.com): Message body empty
Wed, 12 Feb 20 15:48:44 +0100	Mailer Error (connexion@congoconnect.com): Message body empty
Wed, 12 Feb 20 15:49:04 +0100	Mailer Error (connexion@congoconnect.com): Message body empty
Wed, 12 Feb 20 15:49:26 +0100	Mailer Error (connexion@congoconnect.com): Message body empty
Wed, 12 Feb 20 19:27:21 +0100	Mailer Error (connexion@congoconnect.com): Message body empty
Wed, 12 Feb 20 19:27:56 +0100	Mailer Error (connexion@congoconnect.com): Message body empty
Wed, 12 Feb 20 19:28:10 +0100	Mailer Error (connexion@congoconnect.com): Message body empty
Wed, 12 Feb 20 19:28:24 +0100	Mailer Error (connexion@congoconnect.com): Message body empty
Wed, 12 Feb 20 19:28:42 +0100	Mailer Error (connexion@congoconnect.com): Message body empty
Wed, 12 Feb 20 19:29:20 +0100	Mailer Error (connexion@congoconnect.com): Message body empty
Wed, 12 Feb 20 21:23:25 +0100	Mailer Error (connexion@congoconnect.com): Message body empty
Wed, 12 Feb 20 21:28:18 +0100	Mailer Error (connexion@congoconnect.com): Message body empty
Thu, 13 Feb 20 23:25:17 +0100	Mailer Error (connexion@congoconnect.com): Message body empty
Fri, 14 Feb 20 16:31:08 +0100	Mailer Error (connexion@congoconnect.com): Message body empty
Fri, 14 Feb 20 17:12:28 +0100	Mailer Error (connexion@congoconnect.com): Message body empty
Tue, 22 Dec 20 12:19:35 +0100	Mailer Error (freddyminute@gmail.com): Message body empty
Tue, 22 Dec 20 12:24:28 +0100	Mailer Error (freddyminute@gmail.com): Message body empty
Thu, 25 Feb 21 05:50:57 +0100	Mailer Error (chambre@congoconnect.com): Message body empty
Mon, 01 Mar 21 17:32:55 +0100	Mailer Error (chambre@congoconnect.com): Message body empty
Mon, 01 Mar 21 22:23:49 +0100	Mailer Error (chambre@congoconnect.com): Message body empty
Wed, 03 Mar 21 23:06:40 +0100	Mailer Error (chambre@congoconnect.com): Message body empty
Wed, 03 Mar 21 23:06:56 +0100	Mailer Error (chambre@congoconnect.com): Message body empty
Fri, 05 Mar 21 19:42:25 +0100	Mailer Error (chambre@congoconnect.com): Message body empty
Sat, 27 Mar 21 00:36:06 +0100	Mailer Error (freddymutshipayi@gmail.com): SMTP connect() failed. https://github.com/PHPMailer/PHPMailer/wiki/Troubleshooting
Sat, 27 Mar 21 00:36:06 +0100	Mailer Error (chambre@congoconnect.com): Message body empty
Sat, 27 Mar 21 00:55:10 +0100	Mailer Error (a.ilunga@fec-rdc.com): SMTP connect() failed. https://github.com/PHPMailer/PHPMailer/wiki/Troubleshooting
Sat, 27 Mar 21 00:55:16 +0100	Mailer Error (kinshasaconnect@gmail.com): SMTP connect() failed. https://github.com/PHPMailer/PHPMailer/wiki/Troubleshooting
Sat, 27 Mar 21 00:55:22 +0100	Mailer Error (congoconnected@gmail.com): SMTP connect() failed. https://github.com/PHPMailer/PHPMailer/wiki/Troubleshooting
Sat, 27 Mar 21 00:59:20 +0100	Mailer Error (a.ilunga@fec-rdc.com): SMTP connect() failed. https://github.com/PHPMailer/PHPMailer/wiki/Troubleshooting
Sat, 27 Mar 21 00:59:26 +0100	Mailer Error (kinshasaconnect@gmail.com): SMTP connect() failed. https://github.com/PHPMailer/PHPMailer/wiki/Troubleshooting
Sat, 27 Mar 21 00:59:32 +0100	Mailer Error (congoconnected@gmail.com): SMTP connect() failed. https://github.com/PHPMailer/PHPMailer/wiki/Troubleshooting
Sat, 27 Mar 21 01:01:41 +0100	Mailer Error (a.ilunga@fec-rdc.com): SMTP connect() failed. https://github.com/PHPMailer/PHPMailer/wiki/Troubleshooting
Sat, 27 Mar 21 01:01:47 +0100	Mailer Error (kinshasaconnect@gmail.com): SMTP connect() failed. https://github.com/PHPMailer/PHPMailer/wiki/Troubleshooting
Sat, 27 Mar 21 01:01:53 +0100	Mailer Error (congoconnected@gmail.com): SMTP connect() failed. https://github.com/PHPMailer/PHPMailer/wiki/Troubleshooting
Sat, 27 Mar 21 01:03:50 +0100	Mailer Error (a.ilunga@fec-rdc.com): SMTP connect() failed. https://github.com/PHPMailer/PHPMailer/wiki/Troubleshooting
Sat, 27 Mar 21 01:03:56 +0100	Mailer Error (kinshasaconnect@gmail.com): SMTP connect() failed. https://github.com/PHPMailer/PHPMailer/wiki/Troubleshooting
Sat, 27 Mar 21 01:04:02 +0100	Mailer Error (congoconnected@gmail.com): SMTP connect() failed. https://github.com/PHPMailer/PHPMailer/wiki/Troubleshooting
Sat, 27 Mar 21 01:06:13 +0100	Mailer Error (a.ilunga@fec-rdc.com): SMTP connect() failed. https://github.com/PHPMailer/PHPMailer/wiki/Troubleshooting
Sat, 27 Mar 21 01:06:19 +0100	Mailer Error (kinshasaconnect@gmail.com): SMTP connect() failed. https://github.com/PHPMailer/PHPMailer/wiki/Troubleshooting
Sat, 27 Mar 21 01:06:25 +0100	Mailer Error (congoconnected@gmail.com): SMTP connect() failed. https://github.com/PHPMailer/PHPMailer/wiki/Troubleshooting
Sat, 27 Mar 21 01:07:27 +0100	Mailer Error (a.ilunga@fec-rdc.com): SMTP connect() failed. https://github.com/PHPMailer/PHPMailer/wiki/Troubleshooting
Sat, 27 Mar 21 01:07:33 +0100	Mailer Error (kinshasaconnect@gmail.com): SMTP connect() failed. https://github.com/PHPMailer/PHPMailer/wiki/Troubleshooting
Sat, 27 Mar 21 01:07:39 +0100	Mailer Error (congoconnected@gmail.com): SMTP connect() failed. https://github.com/PHPMailer/PHPMailer/wiki/Troubleshooting
Sat, 27 Mar 21 01:19:53 +0100	Mailer Error (a.ilunga@fec-rdc.com): SMTP connect() failed. https://github.com/PHPMailer/PHPMailer/wiki/Troubleshooting
Sat, 27 Mar 21 01:19:59 +0100	Mailer Error (kinshasaconnect@gmail.com): SMTP connect() failed. https://github.com/PHPMailer/PHPMailer/wiki/Troubleshooting
Sat, 27 Mar 21 01:20:05 +0100	Mailer Error (congoconnected@gmail.com): SMTP connect() failed. https://github.com/PHPMailer/PHPMailer/wiki/Troubleshooting
Sat, 27 Mar 21 01:24:54 +0100	Mailer Error (a.ilunga@fec-rdc.com): SMTP connect() failed. https://github.com/PHPMailer/PHPMailer/wiki/Troubleshooting
Sat, 27 Mar 21 01:25:00 +0100	Mailer Error (kinshasaconnect@gmail.com): SMTP connect() failed. https://github.com/PHPMailer/PHPMailer/wiki/Troubleshooting
Sat, 27 Mar 21 01:25:06 +0100	Mailer Error (congoconnected@gmail.com): SMTP connect() failed. https://github.com/PHPMailer/PHPMailer/wiki/Troubleshooting
Sat, 27 Mar 21 01:27:06 +0100	Mailer Error (a.ilunga@fec-rdc.com): SMTP connect() failed. https://github.com/PHPMailer/PHPMailer/wiki/Troubleshooting
Sat, 27 Mar 21 01:27:12 +0100	Mailer Error (kinshasaconnect@gmail.com): SMTP connect() failed. https://github.com/PHPMailer/PHPMailer/wiki/Troubleshooting
Sat, 27 Mar 21 01:27:18 +0100	Mailer Error (congoconnected@gmail.com): SMTP connect() failed. https://github.com/PHPMailer/PHPMailer/wiki/Troubleshooting
Sat, 27 Mar 21 01:29:16 +0100	Mailer Error (a.ilunga@fec-rdc.com): SMTP connect() failed. https://github.com/PHPMailer/PHPMailer/wiki/Troubleshooting
Sat, 27 Mar 21 01:29:22 +0100	Mailer Error (kinshasaconnect@gmail.com): SMTP connect() failed. https://github.com/PHPMailer/PHPMailer/wiki/Troubleshooting
Sat, 27 Mar 21 01:29:28 +0100	Mailer Error (congoconnected@gmail.com): SMTP connect() failed. https://github.com/PHPMailer/PHPMailer/wiki/Troubleshooting
Sat, 27 Mar 21 01:31:05 +0100	Mailer Error (a.ilunga@fec-rdc.com): SMTP connect() failed. https://github.com/PHPMailer/PHPMailer/wiki/Troubleshooting
Sat, 27 Mar 21 01:31:11 +0100	Mailer Error (kinshasaconnect@gmail.com): SMTP connect() failed. https://github.com/PHPMailer/PHPMailer/wiki/Troubleshooting
Sat, 27 Mar 21 01:31:17 +0100	Mailer Error (congoconnected@gmail.com): SMTP connect() failed. https://github.com/PHPMailer/PHPMailer/wiki/Troubleshooting
Sat, 27 Mar 21 01:33:30 +0100	Mailer Error (a.ilunga@fec-rdc.com): SMTP connect() failed. https://github.com/PHPMailer/PHPMailer/wiki/Troubleshooting
Sat, 27 Mar 21 01:33:36 +0100	Mailer Error (kinshasaconnect@gmail.com): SMTP connect() failed. https://github.com/PHPMailer/PHPMailer/wiki/Troubleshooting
Sat, 27 Mar 21 01:33:42 +0100	Mailer Error (congoconnected@gmail.com): SMTP connect() failed. https://github.com/PHPMailer/PHPMailer/wiki/Troubleshooting
Mon, 29 Mar 21 08:03:13 +0200	Mailer Error (connexion@congoconnect.com): Message body empty
Mon, 31 May 21 00:00:22 +0200	Mailer Error (freddymutshipayi@gmail.com): SMTP Error: The following recipients failed: freddymutshipayi@gmail.com: Temporary local problem - please try later

Thu, 24 Mar 22 00:00:02 +0100	Mailer Error (connexion@westmidlandscongoconnect.com): SMTP connect() failed. https://github.com/PHPMailer/PHPMailer/wiki/Troubleshooting
Fri, 25 Mar 22 18:40:46 +0100	Mailer Error (freddyminute@gmail.com): SMTP connect() failed. https://github.com/PHPMailer/PHPMailer/wiki/Troubleshooting
Fri, 25 Mar 22 18:45:19 +0100	Mailer Error (freddyminute@gmail.com): SMTP connect() failed. https://github.com/PHPMailer/PHPMailer/wiki/Troubleshooting
Fri, 25 Mar 22 18:51:01 +0100	Mailer Error (freddyminute@gmail.com): SMTP connect() failed. https://github.com/PHPMailer/PHPMailer/wiki/Troubleshooting
Sat, 26 Mar 22 00:00:03 +0100	Mailer Error (congo@westmidlandscongoconnect.com): SMTP connect() failed. https://github.com/PHPMailer/PHPMailer/wiki/Troubleshooting
Sun, 27 Mar 22 00:00:02 +0100	Mailer Error (congo@westmidlandscongoconnect.com): SMTP connect() failed. https://github.com/PHPMailer/PHPMailer/wiki/Troubleshooting
Sun, 27 Mar 22 03:54:44 +0200	Mailer Error (freddyminute@gmail.com): SMTP connect() failed. https://github.com/PHPMailer/PHPMailer/wiki/Troubleshooting
Sun, 27 Mar 22 04:10:59 +0200	Mailer Error (freddyminute@gmail.com): SMTP connect() failed. https://github.com/PHPMailer/PHPMailer/wiki/Troubleshooting
Sun, 27 Mar 22 05:25:51 +0200	Mailer Error (freddyminute@gmail.com): SMTP connect() failed. https://github.com/PHPMailer/PHPMailer/wiki/Troubleshooting
Sun, 27 Mar 22 05:39:00 +0200	Mailer Error (freddyminute@gmail.com): SMTP connect() failed. https://github.com/PHPMailer/PHPMailer/wiki/Troubleshooting
Sun, 27 Mar 22 06:39:42 +0200	Mailer Error (freddyminute@gmail.com): SMTP connect() failed. https://github.com/PHPMailer/PHPMailer/wiki/Troubleshooting
Mon, 28 Mar 22 00:00:02 +0200	Mailer Error (congo@westmidlandscongoconnect.com): SMTP connect() failed. https://github.com/PHPMailer/PHPMailer/wiki/Troubleshooting
Mon, 28 Mar 22 14:08:45 +0200	Mailer Error (freddyminute@gmail.com): SMTP connect() failed. https://github.com/PHPMailer/PHPMailer/wiki/Troubleshooting
Mon, 28 Mar 22 14:08:45 +0200	Mailer Error (congoconnected@gmail.com): SMTP connect() failed. https://github.com/PHPMailer/PHPMailer/wiki/Troubleshooting
Mon, 28 Mar 22 15:23:41 +0200	Mailer Error (freddyminute@gmail.com): SMTP connect() failed. https://github.com/PHPMailer/PHPMailer/wiki/Troubleshooting
Mon, 28 Mar 22 15:23:41 +0200	Mailer Error (congoconnected@gmail.com): SMTP connect() failed. https://github.com/PHPMailer/PHPMailer/wiki/Troubleshooting
Tue, 29 Mar 22 00:00:02 +0200	Mailer Error (congo@westmidlandscongoconnect.com): SMTP connect() failed. https://github.com/PHPMailer/PHPMailer/wiki/Troubleshooting
Wed, 30 Mar 22 00:00:02 +0200	Mailer Error (congo@westmidlandscongoconnect.com): SMTP connect() failed. https://github.com/PHPMailer/PHPMailer/wiki/Troubleshooting
Wed, 30 Mar 22 19:26:02 +0200	Mailer Error (freddyminute@yahoo.fr): SMTP connect() failed. https://github.com/PHPMailer/PHPMailer/wiki/Troubleshooting
Wed, 30 Mar 22 19:32:09 +0200	Mailer Error (freddyminute@yahoo.fr): SMTP connect() failed. https://github.com/PHPMailer/PHPMailer/wiki/Troubleshooting
Wed, 30 Mar 22 19:42:11 +0200	Mailer Error (freddyminute@yahoo.fr): SMTP connect() failed. https://github.com/PHPMailer/PHPMailer/wiki/Troubleshooting
Wed, 30 Mar 22 20:37:49 +0200	Mailer Error (freddyminute@yahoo.fr): SMTP connect() failed. https://github.com/PHPMailer/PHPMailer/wiki/Troubleshooting
Wed, 30 Mar 22 21:49:53 +0200	Mailer Error (freddyminute@gmail.com): SMTP connect() failed. https://github.com/PHPMailer/PHPMailer/wiki/Troubleshooting
Sun, 03 Apr 22 00:00:02 +0200	Mailer Error (connect@ukcongoconnect.com): SMTP connect() failed. https://github.com/PHPMailer/PHPMailer/wiki/Troubleshooting
Mon, 04 Apr 22 00:00:03 +0200	Mailer Error (connect@ukcongoconnect.com): SMTP connect() failed. https://github.com/PHPMailer/PHPMailer/wiki/Troubleshooting
Tue, 05 Apr 22 00:00:03 +0200	Mailer Error (connexion@congoconnect.com): SMTP connect() failed. https://github.com/PHPMailer/PHPMailer/wiki/Troubleshooting
Tue, 05 Apr 22 00:00:03 +0200	Mailer Error (connect@ukcongoconnect.com): SMTP connect() failed. https://github.com/PHPMailer/PHPMailer/wiki/Troubleshooting
Tue, 05 Apr 22 04:12:26 +0200	Mailer Error (freddyminute@gmail.com): SMTP connect() failed. https://github.com/PHPMailer/PHPMailer/wiki/Troubleshooting
Tue, 05 Apr 22 04:12:27 +0200	Mailer Error (congoconnected@gmail.com): SMTP connect() failed. https://github.com/PHPMailer/PHPMailer/wiki/Troubleshooting
Wed, 06 Apr 22 00:00:03 +0200	Mailer Error (connect@ukcongoconnect.com): SMTP connect() failed. https://github.com/PHPMailer/PHPMailer/wiki/Troubleshooting
Thu, 07 Apr 22 00:00:03 +0200	Mailer Error (connect@ukcongoconnect.com): SMTP connect() failed. https://github.com/PHPMailer/PHPMailer/wiki/Troubleshooting
Fri, 08 Apr 22 00:00:02 +0200	Mailer Error (connect@ukcongoconnect.com): SMTP connect() failed. https://github.com/PHPMailer/PHPMailer/wiki/Troubleshooting
Sat, 09 Apr 22 00:00:03 +0200	Mailer Error (connect@ukcongoconnect.com): SMTP connect() failed. https://github.com/PHPMailer/PHPMailer/wiki/Troubleshooting
Sun, 10 Apr 22 00:00:03 +0200	Mailer Error (connect@ukcongoconnect.com): SMTP connect() failed. https://github.com/PHPMailer/PHPMailer/wiki/Troubleshooting
Mon, 11 Apr 22 00:00:03 +0200	Mailer Error (connect@ukcongoconnect.com): SMTP connect() failed. https://github.com/PHPMailer/PHPMailer/wiki/Troubleshooting
Tue, 12 Apr 22 00:00:03 +0200	Mailer Error (connect@ukcongoconnect.com): SMTP connect() failed. https://github.com/PHPMailer/PHPMailer/wiki/Troubleshooting
Wed, 13 Apr 22 00:00:02 +0200	Mailer Error (connect@ukcongoconnect.com): SMTP connect() failed. https://github.com/PHPMailer/PHPMailer/wiki/Troubleshooting
Thu, 14 Apr 22 00:00:02 +0200	Mailer Error (connect@ukcongoconnect.com): SMTP connect() failed. https://github.com/PHPMailer/PHPMailer/wiki/Troubleshooting
Fri, 15 Apr 22 00:00:03 +0200	Mailer Error (connect@ukcongoconnect.com): SMTP connect() failed. https://github.com/PHPMailer/PHPMailer/wiki/Troubleshooting
Sat, 16 Apr 22 00:00:02 +0200	Mailer Error (connect@ukcongoconnect.com): SMTP connect() failed. https://github.com/PHPMailer/PHPMailer/wiki/Troubleshooting
Sun, 17 Apr 22 00:00:03 +0200	Mailer Error (connect@ukcongoconnect.com): SMTP connect() failed. https://github.com/PHPMailer/PHPMailer/wiki/Troubleshooting
Mon, 18 Apr 22 00:00:02 +0200	Mailer Error (connect@ukcongoconnect.com): SMTP connect() failed. https://github.com/PHPMailer/PHPMailer/wiki/Troubleshooting
Tue, 19 Apr 22 00:00:02 +0200	Mailer Error (connect@ukcongoconnect.com): SMTP connect() failed. https://github.com/PHPMailer/PHPMailer/wiki/Troubleshooting
Wed, 20 Apr 22 00:00:02 +0200	Mailer Error (connect@ukcongoconnect.com): SMTP connect() failed. https://github.com/PHPMailer/PHPMailer/wiki/Troubleshooting
Thu, 21 Apr 22 00:00:02 +0200	Mailer Error (connect@ukcongoconnect.com): SMTP connect() failed. https://github.com/PHPMailer/PHPMailer/wiki/Troubleshooting
Fri, 22 Apr 22 00:00:03 +0200	Mailer Error (connect@ukcongoconnect.com): SMTP connect() failed. https://github.com/PHPMailer/PHPMailer/wiki/Troubleshooting
Sat, 23 Apr 22 00:00:03 +0200	Mailer Error (connect@ukcongoconnect.com): SMTP connect() failed. https://github.com/PHPMailer/PHPMailer/wiki/Troubleshooting
Sun, 24 Apr 22 00:00:02 +0200	Mailer Error (connect@ukcongoconnect.com): SMTP connect() failed. https://github.com/PHPMailer/PHPMailer/wiki/Troubleshooting
Mon, 25 Apr 22 00:00:03 +0200	Mailer Error (connect@ukcongoconnect.com): SMTP connect() failed. https://github.com/PHPMailer/PHPMailer/wiki/Troubleshooting
Tue, 26 Apr 22 00:00:02 +0200	Mailer Error (connect@ukcongoconnect.com): SMTP connect() failed. https://github.com/PHPMailer/PHPMailer/wiki/Troubleshooting
Wed, 27 Apr 22 00:00:02 +0200	Mailer Error (connect@ukcongoconnect.com): SMTP connect() failed. https://github.com/PHPMailer/PHPMailer/wiki/Troubleshooting
Thu, 28 Apr 22 00:00:02 +0200	Mailer Error (connect@ukcongoconnect.com): SMTP connect() failed. https://github.com/PHPMailer/PHPMailer/wiki/Troubleshooting
Fri, 29 Apr 22 00:00:03 +0200	Mailer Error (connect@ukcongoconnect.com): SMTP connect() failed. https://github.com/PHPMailer/PHPMailer/wiki/Troubleshooting
Sat, 30 Apr 22 00:00:03 +0200	Mailer Error (connect@ukcongoconnect.com): SMTP connect() failed. https://github.com/PHPMailer/PHPMailer/wiki/Troubleshooting
Sun, 01 May 22 00:00:02 +0200	Mailer Error (connect@ukcongoconnect.com): SMTP connect() failed. https://github.com/PHPMailer/PHPMailer/wiki/Troubleshooting
Mon, 02 May 22 00:00:03 +0200	Mailer Error (connect@ukcongoconnect.com): SMTP connect() failed. https://github.com/PHPMailer/PHPMailer/wiki/Troubleshooting
Tue, 03 May 22 00:00:02 +0200	Mailer Error (connect@ukcongoconnect.com): SMTP connect() failed. https://github.com/PHPMailer/PHPMailer/wiki/Troubleshooting
Wed, 04 May 22 00:00:03 +0200	Mailer Error (connect@ukcongoconnect.com): SMTP connect() failed. https://github.com/PHPMailer/PHPMailer/wiki/Troubleshooting
Thu, 05 May 22 00:00:03 +0200	Mailer Error (connect@ukcongoconnect.com): SMTP connect() failed. https://github.com/PHPMailer/PHPMailer/wiki/Troubleshooting
Fri, 06 May 22 00:00:02 +0200	Mailer Error (connect@ukcongoconnect.com): SMTP connect() failed. https://github.com/PHPMailer/PHPMailer/wiki/Troubleshooting
Sat, 07 May 22 00:00:02 +0200	Mailer Error (connect@ukcongoconnect.com): SMTP connect() failed. https://github.com/PHPMailer/PHPMailer/wiki/Troubleshooting
Sun, 08 May 22 00:00:02 +0200	Mailer Error (connect@ukcongoconnect.com): SMTP connect() failed. https://github.com/PHPMailer/PHPMailer/wiki/Troubleshooting
Mon, 09 May 22 00:00:03 +0200	Mailer Error (connect@ukcongoconnect.com): SMTP connect() failed. https://github.com/PHPMailer/PHPMailer/wiki/Troubleshooting
Tue, 10 May 22 00:00:02 +0200	Mailer Error (connect@ukcongoconnect.com): SMTP connect() failed. https://github.com/PHPMailer/PHPMailer/wiki/Troubleshooting
Wed, 11 May 22 00:00:02 +0200	Mailer Error (connect@ukcongoconnect.com): SMTP connect() failed. https://github.com/PHPMailer/PHPMailer/wiki/Troubleshooting
Thu, 12 May 22 00:00:03 +0200	Mailer Error (connect@ukcongoconnect.com): SMTP connect() failed. https://github.com/PHPMailer/PHPMailer/wiki/Troubleshooting
Fri, 13 May 22 00:00:02 +0200	Mailer Error (connect@ukcongoconnect.com): SMTP connect() failed. https://github.com/PHPMailer/PHPMailer/wiki/Troubleshooting
Sat, 14 May 22 00:00:02 +0200	Mailer Error (connect@ukcongoconnect.com): SMTP connect() failed. https://github.com/PHPMailer/PHPMailer/wiki/Troubleshooting
Sun, 15 May 22 00:00:02 +0200	Mailer Error (connect@ukcongoconnect.com): SMTP connect() failed. https://github.com/PHPMailer/PHPMailer/wiki/Troubleshooting
Mon, 16 May 22 00:00:02 +0200	Mailer Error (connect@ukcongoconnect.com): SMTP connect() failed. https://github.com/PHPMailer/PHPMailer/wiki/Troubleshooting
Tue, 17 May 22 00:00:02 +0200	Mailer Error (connect@ukcongoconnect.com): SMTP connect() failed. https://github.com/PHPMailer/PHPMailer/wiki/Troubleshooting
Wed, 18 May 22 00:00:03 +0200	Mailer Error (connect@ukcongoconnect.com): SMTP connect() failed. https://github.com/PHPMailer/PHPMailer/wiki/Troubleshooting
Thu, 19 May 22 00:00:02 +0200	Mailer Error (connect@ukcongoconnect.com): SMTP connect() failed. https://github.com/PHPMailer/PHPMailer/wiki/Troubleshooting
Sun, 22 May 22 00:00:02 +0200	Mailer Error (connect@ukcongoconnect.com): SMTP connect() failed. https://github.com/PHPMailer/PHPMailer/wiki/Troubleshooting
Mon, 23 May 22 00:00:03 +0200	Mailer Error (connect@ukcongoconnect.com): SMTP connect() failed. https://github.com/PHPMailer/PHPMailer/wiki/Troubleshooting
Tue, 24 May 22 00:00:02 +0200	Mailer Error (connect@ukcongoconnect.com): SMTP connect() failed. https://github.com/PHPMailer/PHPMailer/wiki/Troubleshooting
Wed, 25 May 22 00:00:02 +0200	Mailer Error (connect@ukcongoconnect.com): SMTP connect() failed. https://github.com/PHPMailer/PHPMailer/wiki/Troubleshooting
Thu, 26 May 22 00:00:03 +0200	Mailer Error (connect@ukcongoconnect.com): SMTP connect() failed. https://github.com/PHPMailer/PHPMailer/wiki/Troubleshooting
Fri, 27 May 22 00:00:02 +0200	Mailer Error (connect@ukcongoconnect.com): SMTP connect() failed. https://github.com/PHPMailer/PHPMailer/wiki/Troubleshooting
Sat, 28 May 22 00:00:02 +0200	Mailer Error (connect@ukcongoconnect.com): SMTP connect() failed. https://github.com/PHPMailer/PHPMailer/wiki/Troubleshooting
Sun, 29 May 22 00:00:02 +0200	Mailer Error (connect@ukcongoconnect.com): SMTP connect() failed. https://github.com/PHPMailer/PHPMailer/wiki/Troubleshooting
Mon, 30 May 22 00:00:02 +0200	Mailer Error (connect@ukcongoconnect.com): SMTP connect() failed. https://github.com/PHPMailer/PHPMailer/wiki/Troubleshooting
Tue, 31 May 22 00:00:02 +0200	Mailer Error (connect@ukcongoconnect.com): SMTP connect() failed. https://github.com/PHPMailer/PHPMailer/wiki/Troubleshooting
Wed, 01 Jun 22 00:00:02 +0200	Mailer Error (connect@ukcongoconnect.com): SMTP connect() failed. https://github.com/PHPMailer/PHPMailer/wiki/Troubleshooting
Thu, 02 Jun 22 00:00:02 +0200	Mailer Error (connect@ukcongoconnect.com): SMTP connect() failed. https://github.com/PHPMailer/PHPMailer/wiki/Troubleshooting
Fri, 03 Jun 22 00:00:02 +0200	Mailer Error (connect@ukcongoconnect.com): SMTP connect() failed. https://github.com/PHPMailer/PHPMailer/wiki/Troubleshooting
Sat, 04 Jun 22 00:00:02 +0200	Mailer Error (connect@ukcongoconnect.com): SMTP connect() failed. https://github.com/PHPMailer/PHPMailer/wiki/Troubleshooting
Sun, 05 Jun 22 00:00:03 +0200	Mailer Error (connect@ukcongoconnect.com): SMTP connect() failed. https://github.com/PHPMailer/PHPMailer/wiki/Troubleshooting
Mon, 06 Jun 22 00:00:02 +0200	Mailer Error (connect@ukcongoconnect.com): SMTP connect() failed. https://github.com/PHPMailer/PHPMailer/wiki/Troubleshooting
Tue, 07 Jun 22 00:00:03 +0200	Mailer Error (connect@ukcongoconnect.com): SMTP connect() failed. https://github.com/PHPMailer/PHPMailer/wiki/Troubleshooting
Wed, 08 Jun 22 00:00:03 +0200	Mailer Error (connect@ukcongoconnect.com): SMTP connect() failed. https://github.com/PHPMailer/PHPMailer/wiki/Troubleshooting
Thu, 09 Jun 22 00:00:02 +0200	Mailer Error (connect@ukcongoconnect.com): SMTP connect() failed. https://github.com/PHPMailer/PHPMailer/wiki/Troubleshooting
Fri, 10 Jun 22 00:00:03 +0200	Mailer Error (connect@ukcongoconnect.com): SMTP connect() failed. https://github.com/PHPMailer/PHPMailer/wiki/Troubleshooting
Sat, 11 Jun 22 00:00:02 +0200	Mailer Error (connect@ukcongoconnect.com): SMTP connect() failed. https://github.com/PHPMailer/PHPMailer/wiki/Troubleshooting
Sun, 12 Jun 22 00:00:02 +0200	Mailer Error (connect@ukcongoconnect.com): SMTP connect() failed. https://github.com/PHPMailer/PHPMailer/wiki/Troubleshooting
Mon, 13 Jun 22 00:00:03 +0200	Mailer Error (connect@ukcongoconnect.com): SMTP connect() failed. https://github.com/PHPMailer/PHPMailer/wiki/Troubleshooting
Tue, 14 Jun 22 00:00:02 +0200	Mailer Error (connect@ukcongoconnect.com): SMTP connect() failed. https://github.com/PHPMailer/PHPMailer/wiki/Troubleshooting
Wed, 15 Jun 22 00:00:03 +0200	Mailer Error (connect@ukcongoconnect.com): SMTP connect() failed. https://github.com/PHPMailer/PHPMailer/wiki/Troubleshooting
Thu, 16 Jun 22 00:00:02 +0200	Mailer Error (connect@ukcongoconnect.com): SMTP connect() failed. https://github.com/PHPMailer/PHPMailer/wiki/Troubleshooting
Fri, 17 Jun 22 00:00:02 +0200	Mailer Error (connect@ukcongoconnect.com): SMTP connect() failed. https://github.com/PHPMailer/PHPMailer/wiki/Troubleshooting
Sat, 18 Jun 22 00:00:03 +0200	Mailer Error (connect@ukcongoconnect.com): SMTP connect() failed. https://github.com/PHPMailer/PHPMailer/wiki/Troubleshooting
Sun, 19 Jun 22 00:00:02 +0200	Mailer Error (connect@ukcongoconnect.com): SMTP connect() failed. https://github.com/PHPMailer/PHPMailer/wiki/Troubleshooting
Fri, 01 Jul 22 00:00:02 +0200	Mailer Error (connect@ukcongoconnect.com): SMTP connect() failed. https://github.com/PHPMailer/PHPMailer/wiki/Troubleshooting
Sat, 02 Jul 22 00:00:02 +0200	Mailer Error (connect@ukcongoconnect.com): SMTP connect() failed. https://github.com/PHPMailer/PHPMailer/wiki/Troubleshooting
Sun, 03 Jul 22 00:00:03 +0200	Mailer Error (connect@ukcongoconnect.com): SMTP connect() failed. https://github.com/PHPMailer/PHPMailer/wiki/Troubleshooting
Mon, 04 Jul 22 00:00:02 +0200	Mailer Error (connect@ukcongoconnect.com): SMTP connect() failed. https://github.com/PHPMailer/PHPMailer/wiki/Troubleshooting
Tue, 05 Jul 22 00:00:02 +0200	Mailer Error (connect@ukcongoconnect.com): SMTP connect() failed. https://github.com/PHPMailer/PHPMailer/wiki/Troubleshooting
Wed, 06 Jul 22 00:00:02 +0200	Mailer Error (connect@ukcongoconnect.com): SMTP connect() failed. https://github.com/PHPMailer/PHPMailer/wiki/Troubleshooting
Thu, 07 Jul 22 00:00:02 +0200	Mailer Error (connect@ukcongoconnect.com): SMTP connect() failed. https://github.com/PHPMailer/PHPMailer/wiki/Troubleshooting
Fri, 08 Jul 22 00:00:03 +0200	Mailer Error (connect@ukcongoconnect.com): SMTP connect() failed. https://github.com/PHPMailer/PHPMailer/wiki/Troubleshooting
Sat, 09 Jul 22 00:00:02 +0200	Mailer Error (connect@ukcongoconnect.com): SMTP connect() failed. https://github.com/PHPMailer/PHPMailer/wiki/Troubleshooting
Sun, 10 Jul 22 00:00:02 +0200	Mailer Error (connect@ukcongoconnect.com): SMTP connect() failed. https://github.com/PHPMailer/PHPMailer/wiki/Troubleshooting
Mon, 11 Jul 22 00:00:02 +0200	Mailer Error (connect@ukcongoconnect.com): SMTP connect() failed. https://github.com/PHPMailer/PHPMailer/wiki/Troubleshooting
Tue, 12 Jul 22 00:00:02 +0200	Mailer Error (connect@ukcongoconnect.com): SMTP connect() failed. https://github.com/PHPMailer/PHPMailer/wiki/Troubleshooting
Wed, 13 Jul 22 00:00:02 +0200	Mailer Error (connect@ukcongoconnect.com): SMTP connect() failed. https://github.com/PHPMailer/PHPMailer/wiki/Troubleshooting
Thu, 14 Jul 22 00:00:02 +0200	Mailer Error (connect@ukcongoconnect.com): SMTP connect() failed. https://github.com/PHPMailer/PHPMailer/wiki/Troubleshooting
Fri, 15 Jul 22 00:00:02 +0200	Mailer Error (connect@ukcongoconnect.com): SMTP connect() failed. https://github.com/PHPMailer/PHPMailer/wiki/Troubleshooting
Sat, 16 Jul 22 00:00:03 +0200	Mailer Error (connect@ukcongoconnect.com): SMTP connect() failed. https://github.com/PHPMailer/PHPMailer/wiki/Troubleshooting
Sun, 17 Jul 22 00:00:02 +0200	Mailer Error (connect@ukcongoconnect.com): SMTP connect() failed. https://github.com/PHPMailer/PHPMailer/wiki/Troubleshooting
Mon, 18 Jul 22 00:00:01 +0200	Mailer Error (connect@ukcongoconnect.com): SMTP connect() failed. https://github.com/PHPMailer/PHPMailer/wiki/Troubleshooting
Tue, 19 Jul 22 00:00:02 +0200	Mailer Error (connect@ukcongoconnect.com): SMTP connect() failed. https://github.com/PHPMailer/PHPMailer/wiki/Troubleshooting
Wed, 20 Jul 22 00:00:02 +0200	Mailer Error (connect@ukcongoconnect.com): SMTP connect() failed. https://github.com/PHPMailer/PHPMailer/wiki/Troubleshooting
Thu, 21 Jul 22 00:00:02 +0200	Mailer Error (connect@ukcongoconnect.com): SMTP connect() failed. https://github.com/PHPMailer/PHPMailer/wiki/Troubleshooting
Fri, 22 Jul 22 00:00:02 +0200	Mailer Error (connect@ukcongoconnect.com): SMTP connect() failed. https://github.com/PHPMailer/PHPMailer/wiki/Troubleshooting
Sat, 23 Jul 22 00:00:02 +0200	Mailer Error (connect@ukcongoconnect.com): SMTP connect() failed. https://github.com/PHPMailer/PHPMailer/wiki/Troubleshooting
Sun, 24 Jul 22 00:00:02 +0200	Mailer Error (connect@ukcongoconnect.com): SMTP connect() failed. https://github.com/PHPMailer/PHPMailer/wiki/Troubleshooting
Mon, 25 Jul 22 00:00:02 +0200	Mailer Error (connect@ukcongoconnect.com): SMTP connect() failed. https://github.com/PHPMailer/PHPMailer/wiki/Troubleshooting
Tue, 26 Jul 22 00:00:02 +0200	Mailer Error (connect@ukcongoconnect.com): SMTP connect() failed. https://github.com/PHPMailer/PHPMailer/wiki/Troubleshooting
Wed, 27 Jul 22 00:00:02 +0200	Mailer Error (connect@ukcongoconnect.com): SMTP connect() failed. https://github.com/PHPMailer/PHPMailer/wiki/Troubleshooting
Thu, 28 Jul 22 00:00:02 +0200	Mailer Error (connect@ukcongoconnect.com): SMTP connect() failed. https://github.com/PHPMailer/PHPMailer/wiki/Troubleshooting
Fri, 29 Jul 22 00:00:02 +0200	Mailer Error (connect@ukcongoconnect.com): SMTP connect() failed. https://github.com/PHPMailer/PHPMailer/wiki/Troubleshooting
Sat, 30 Jul 22 00:00:02 +0200	Mailer Error (connect@ukcongoconnect.com): SMTP connect() failed. https://github.com/PHPMailer/PHPMailer/wiki/Troubleshooting
Sun, 31 Jul 22 00:00:02 +0200	Mailer Error (connect@ukcongoconnect.com): SMTP connect() failed. https://github.com/PHPMailer/PHPMailer/wiki/Troubleshooting
Mon, 01 Aug 22 00:00:01 +0200	Mailer Error (connect@ukcongoconnect.com): SMTP connect() failed. https://github.com/PHPMailer/PHPMailer/wiki/Troubleshooting
Tue, 02 Aug 22 00:00:02 +0200	Mailer Error (connect@ukcongoconnect.com): SMTP connect() failed. https://github.com/PHPMailer/PHPMailer/wiki/Troubleshooting
Wed, 03 Aug 22 00:00:02 +0200	Mailer Error (connect@ukcongoconnect.com): SMTP connect() failed. https://github.com/PHPMailer/PHPMailer/wiki/Troubleshooting
Thu, 04 Aug 22 00:00:02 +0200	Mailer Error (connect@ukcongoconnect.com): SMTP connect() failed. https://github.com/PHPMailer/PHPMailer/wiki/Troubleshooting
Fri, 05 Aug 22 00:00:02 +0200	Mailer Error (connect@ukcongoconnect.com): SMTP connect() failed. https://github.com/PHPMailer/PHPMailer/wiki/Troubleshooting
Sat, 06 Aug 22 00:00:02 +0200	Mailer Error (connect@ukcongoconnect.com): SMTP connect() failed. https://github.com/PHPMailer/PHPMailer/wiki/Troubleshooting
Sun, 07 Aug 22 00:00:03 +0200	Mailer Error (connect@ukcongoconnect.com): SMTP connect() failed. https://github.com/PHPMailer/PHPMailer/wiki/Troubleshooting
Mon, 08 Aug 22 00:00:03 +0200	Mailer Error (connect@ukcongoconnect.com): SMTP connect() failed. https://github.com/PHPMailer/PHPMailer/wiki/Troubleshooting
Tue, 09 Aug 22 00:00:02 +0200	Mailer Error (connect@ukcongoconnect.com): SMTP connect() failed. https://github.com/PHPMailer/PHPMailer/wiki/Troubleshooting
Wed, 10 Aug 22 00:00:02 +0200	Mailer Error (connect@ukcongoconnect.com): SMTP connect() failed. https://github.com/PHPMailer/PHPMailer/wiki/Troubleshooting
Thu, 11 Aug 22 00:00:02 +0200	Mailer Error (connect@ukcongoconnect.com): SMTP connect() failed. https://github.com/PHPMailer/PHPMailer/wiki/Troubleshooting
Fri, 12 Aug 22 00:00:02 +0200	Mailer Error (connect@ukcongoconnect.com): SMTP connect() failed. https://github.com/PHPMailer/PHPMailer/wiki/Troubleshooting
Sat, 13 Aug 22 00:00:02 +0200	Mailer Error (connect@ukcongoconnect.com): SMTP connect() failed. https://github.com/PHPMailer/PHPMailer/wiki/Troubleshooting
Sun, 14 Aug 22 00:00:01 +0200	Mailer Error (connect@ukcongoconnect.com): SMTP connect() failed. https://github.com/PHPMailer/PHPMailer/wiki/Troubleshooting
Mon, 15 Aug 22 00:00:02 +0200	Mailer Error (connect@ukcongoconnect.com): SMTP connect() failed. https://github.com/PHPMailer/PHPMailer/wiki/Troubleshooting
Tue, 16 Aug 22 00:00:02 +0200	Mailer Error (connect@ukcongoconnect.com): SMTP connect() failed. https://github.com/PHPMailer/PHPMailer/wiki/Troubleshooting
Wed, 17 Aug 22 00:00:02 +0200	Mailer Error (connect@ukcongoconnect.com): SMTP connect() failed. https://github.com/PHPMailer/PHPMailer/wiki/Troubleshooting
Thu, 18 Aug 22 00:00:02 +0200	Mailer Error (connect@ukcongoconnect.com): SMTP connect() failed. https://github.com/PHPMailer/PHPMailer/wiki/Troubleshooting
Fri, 19 Aug 22 00:00:02 +0200	Mailer Error (connect@ukcongoconnect.com): SMTP connect() failed. https://github.com/PHPMailer/PHPMailer/wiki/Troubleshooting
Sat, 20 Aug 22 00:00:02 +0200	Mailer Error (connect@ukcongoconnect.com): SMTP connect() failed. https://github.com/PHPMailer/PHPMailer/wiki/Troubleshooting
Sun, 21 Aug 22 00:00:02 +0200	Mailer Error (connect@ukcongoconnect.com): SMTP connect() failed. https://github.com/PHPMailer/PHPMailer/wiki/Troubleshooting
Mon, 22 Aug 22 00:00:02 +0200	Mailer Error (connect@ukcongoconnect.com): SMTP connect() failed. https://github.com/PHPMailer/PHPMailer/wiki/Troubleshooting
Sun, 04 Sep 22 01:53:39 +0200	Mailer Error (freddyminute@gmail.com): SMTP connect() failed. https://github.com/PHPMailer/PHPMailer/wiki/Troubleshooting
Thu, 13 Apr 23 02:25:20 +0200	Mailer Error (connexion@congoconnect.com): SMTP Error: The following recipients failed: connexion@congoconnect.com: The mail server could not deliver mail to
congoconnect@vps-ffaf3bc6.vps.ovh.net.  The account or domain may not
exist, they may be blacklisted, or missing the proper dns entries.

Sat, 27 Jan 24 04:16:30 +0100	Mailer Error (freddyminute@gmail.com): Message body empty
Sat, 13 Apr 24 05:04:57 +0200	Mailer Error (connexion@congoconnect.com): SMTP Error: The following recipients failed: connexion@congoconnect.com: The mail server could not deliver mail to
congoconnect@vps-ffaf3bc6.vps.ovh.net.  The account or domain may not
exist, they may be blacklisted, or missing the proper dns entries.

Thu, 05 Dec 24 00:00:11 +0100	Mailer Error (connect@congoconnect.com): SMTP connect() failed. https://github.com/PHPMailer/PHPMailer/wiki/Troubleshooting
Fri, 06 Dec 24 00:00:11 +0100	Mailer Error (connect@congoconnect.com): SMTP connect() failed. https://github.com/PHPMailer/PHPMailer/wiki/Troubleshooting
Sun, 15 Dec 24 07:46:55 +0100	Mailer Error (connexion@congoconnect.com): SMTP Error: The following recipients failed: connexion@congoconnect.com: The mail server could not deliver mail to
congoconnect@vps-ffaf3bc6.vps.ovh.net.  The account or domain may not
exist, they may be blacklisted, or missing the proper dns entries.

Sun, 15 Dec 24 11:31:10 +0100	Mailer Error (connect@congoconnect.com): Message body empty
Sat, 21 Dec 24 01:41:40 +0100	Mailer Error (connect@congoconnect.com): Message body empty
Sat, 21 Dec 24 01:53:54 +0100	Mailer Error (connect@congoconnect.com): Message body empty
Sat, 21 Dec 24 01:58:56 +0100	Mailer Error (connexion@congoconnect.com): SMTP Error: The following recipients failed: connexion@congoconnect.com: The mail server could not deliver mail to
congoconnect@vps-ffaf3bc6.vps.ovh.net.  The account or domain may not
exist, they may be blacklisted, or missing the proper dns entries.

Sat, 21 Dec 24 02:04:19 +0100	Mailer Error (connect@congoconnect.com): Message body empty
Sat, 21 Dec 24 02:55:51 +0100	Mailer Error (connect@congoconnect.com): Message body empty
Sat, 21 Dec 24 03:05:49 +0100	Mailer Error (connect@congoconnect.com): Message body empty
Sat, 28 Dec 24 00:00:05 +0100	Mailer Error (connect@congoconnect.com): SMTP connect() failed. https://github.com/PHPMailer/PHPMailer/wiki/Troubleshooting
Wed, 01 Jan 25 18:02:40 +0100	Mailer Error (connect@congoconnect.com): Message body empty
Mon, 03 Mar 25 00:00:19 +0100	Mailer Error (connect@congoconnect.com): SMTP connect() failed. https://github.com/PHPMailer/PHPMailer/wiki/Troubleshooting
Tue, 04 Mar 25 00:00:17 +0100	Mailer Error (connect@congoconnect.com): SMTP connect() failed. https://github.com/PHPMailer/PHPMailer/wiki/Troubleshooting
Sun, 09 Mar 25 00:00:18 +0100	Mailer Error (connect@congoconnect.com): SMTP connect() failed. https://github.com/PHPMailer/PHPMailer/wiki/Troubleshooting
Sun, 30 Mar 25 12:23:07 +0200	Mailer Error (freddymutshipayi@gmail.com): Message body empty
Sun, 30 Mar 25 12:44:53 +0200	Mailer Error (freddymutshipayi@gmail.com): Message body empty
Wed, 24 Dec 25 00:00:07 +0100	Mailer Error (notifications@jeunesse243.com): SMTP connect() failed. https://github.com/PHPMailer/PHPMailer/wiki/Troubleshooting
Thu, 25 Dec 25 00:00:07 +0100	Mailer Error (notifications@jeunesse243.com): SMTP connect() failed. https://github.com/PHPMailer/PHPMailer/wiki/Troubleshooting
Fri, 26 Dec 25 00:00:06 +0100	Mailer Error (notifications@jeunesse243.com): SMTP connect() failed. https://github.com/PHPMailer/PHPMailer/wiki/Troubleshooting
Sat, 27 Dec 25 00:00:06 +0100	Mailer Error (notifications@jeunesse243.com): SMTP connect() failed. https://github.com/PHPMailer/PHPMailer/wiki/Troubleshooting
Sat, 27 Dec 25 18:24:02 +0100	Mailer Error (freddyminute@gmail.com): SMTP connect() failed. https://github.com/PHPMailer/PHPMailer/wiki/Troubleshooting
Sat, 27 Dec 25 18:24:52 +0100	Mailer Error (freddymutshipayi@gmail.com): SMTP connect() failed. https://github.com/PHPMailer/PHPMailer/wiki/Troubleshooting
Sat, 27 Dec 25 18:30:09 +0100	Mailer Error (freddyminute@gmail.com): SMTP connect() failed. https://github.com/PHPMailer/PHPMailer/wiki/Troubleshooting
Sat, 27 Dec 25 18:31:18 +0100	Mailer Error (freddyminute@gmail.com): SMTP connect() failed. https://github.com/PHPMailer/PHPMailer/wiki/Troubleshooting
Sat, 27 Dec 25 18:33:03 +0100	Mailer Error (freddymutshipayi@gmail.com): SMTP connect() failed. https://github.com/PHPMailer/PHPMailer/wiki/Troubleshooting
Sat, 27 Dec 25 18:36:30 +0100	Mailer Error (freddyminute@gmail.com): SMTP connect() failed. https://github.com/PHPMailer/PHPMailer/wiki/Troubleshooting
Sat, 27 Dec 25 18:55:47 +0100	Mailer Error (freddyminute@gmail.com): SMTP connect() failed. https://github.com/PHPMailer/PHPMailer/wiki/Troubleshooting
Sat, 27 Dec 25 18:57:34 +0100	Mailer Error (freddyminute@gmail.com): SMTP connect() failed. https://github.com/PHPMailer/PHPMailer/wiki/Troubleshooting
Sat, 27 Dec 25 19:39:46 +0100	Mailer Error (freddyminute@gmail.com): SMTP connect() failed. https://github.com/PHPMailer/PHPMailer/wiki/Troubleshooting
Sat, 27 Dec 25 19:40:36 +0100	Mailer Error (freddyminute@yahoo.fr): SMTP connect() failed. https://github.com/PHPMailer/PHPMailer/wiki/Troubleshooting
Sat, 27 Dec 25 19:44:05 +0100	Mailer Error (freddyminute@gmail.com): SMTP connect() failed. https://github.com/PHPMailer/PHPMailer/wiki/Troubleshooting
Sat, 27 Dec 25 20:00:31 +0100	Mailer Error (freddyminute@yahoo.fr): SMTP connect() failed. https://github.com/PHPMailer/PHPMailer/wiki/Troubleshooting
Sat, 27 Dec 25 20:01:55 +0100	Mailer Error (freddyminute@gmail.com): SMTP connect() failed. https://github.com/PHPMailer/PHPMailer/wiki/Troubleshooting
Sat, 27 Dec 25 20:07:15 +0100	Mailer Error (freddyminute@gmail.com): SMTP connect() failed. https://github.com/PHPMailer/PHPMailer/wiki/Troubleshooting
Sat, 27 Dec 25 20:09:25 +0100	Mailer Error (freddyminute@yahoo.fr): SMTP connect() failed. https://github.com/PHPMailer/PHPMailer/wiki/Troubleshooting
Sat, 27 Dec 25 20:11:28 +0100	Mailer Error (freddyminute@gmail.com): SMTP connect() failed. https://github.com/PHPMailer/PHPMailer/wiki/Troubleshooting
Sat, 27 Dec 25 20:13:48 +0100	Mailer Error (freddyminute@gmail.com): SMTP connect() failed. https://github.com/PHPMailer/PHPMailer/wiki/Troubleshooting
Sat, 27 Dec 25 20:16:04 +0100	Mailer Error (freddyminute@gmail.com): SMTP connect() failed. https://github.com/PHPMailer/PHPMailer/wiki/Troubleshooting
Sat, 27 Dec 25 20:18:25 +0100	Mailer Error (freddymutshipayi@gmail.com): SMTP connect() failed. https://github.com/PHPMailer/PHPMailer/wiki/Troubleshooting
Sat, 27 Dec 25 20:20:52 +0100	Mailer Error (freddyminute@yahoo.fr): SMTP connect() failed. https://github.com/PHPMailer/PHPMailer/wiki/Troubleshooting
Sat, 27 Dec 25 20:41:24 +0100	Mailer Error (freddymutshipayi@gmail.com): SMTP connect() failed. https://github.com/PHPMailer/PHPMailer/wiki/Troubleshooting
Sat, 27 Dec 25 21:07:56 +0100	Mailer Error (freddyminute@yahoo.fr): SMTP connect() failed. https://github.com/PHPMailer/PHPMailer/wiki/Troubleshooting
Sat, 27 Dec 25 21:19:49 +0100	Mailer Error (freddyminute@yahoo.fr): SMTP connect() failed. https://github.com/PHPMailer/PHPMailer/wiki/Troubleshooting
Sat, 27 Dec 25 21:20:40 +0100	Mailer Error (freddyminute@gmail.com): SMTP connect() failed. https://github.com/PHPMailer/PHPMailer/wiki/Troubleshooting
Sat, 27 Dec 25 21:22:35 +0100	Mailer Error (freddyminute@yahoo.fr): SMTP connect() failed. https://github.com/PHPMailer/PHPMailer/wiki/Troubleshooting
Sat, 27 Dec 25 21:31:34 +0100	Mailer Error (freddyminute@gmail.com): SMTP connect() failed. https://github.com/PHPMailer/PHPMailer/wiki/Troubleshooting
Sat, 27 Dec 25 21:36:04 +0100	Mailer Error (freddyminute@gmail.com): SMTP connect() failed. https://github.com/PHPMailer/PHPMailer/wiki/Troubleshooting
Sat, 27 Dec 25 21:41:42 +0100	Mailer Error (freddyminute@yahoo.fr): SMTP connect() failed. https://github.com/PHPMailer/PHPMailer/wiki/Troubleshooting
Sat, 27 Dec 25 21:56:34 +0100	Mailer Error (freddyminute@gmail.com): SMTP connect() failed. https://github.com/PHPMailer/PHPMailer/wiki/Troubleshooting
Sat, 27 Dec 25 22:22:17 +0100	Mailer Error (freddyminute@gmail.com): SMTP connect() failed. https://github.com/PHPMailer/PHPMailer/wiki/Troubleshooting
Sat, 27 Dec 25 23:40:49 +0100	Mailer Error (freddyminute@gmail.com): SMTP connect() failed. https://github.com/PHPMailer/PHPMailer/wiki/Troubleshooting
Sun, 28 Dec 25 00:00:09 +0100	Mailer Error (notifications@jeunesse243.com): SMTP connect() failed. https://github.com/PHPMailer/PHPMailer/wiki/Troubleshooting
