2017-06-14 20:07:27	Cannot complete query (query): Unknown column 'user' in 'where clause'
2017-06-14 20:21:10	Cannot complete query (query): Unknown column 'user' in 'where clause'
2017-06-14 20:34:57	Cannot complete query (query): Unknown column 'user' in 'where clause'
2017-10-16 05:11:06	Cannot complete query (query): Unknown column 'user' in 'where clause'
2017-10-16 05:20:08	Cannot complete query (query): Unknown column 'user' in 'where clause'
2017-10-16 05:47:20	Cannot complete query (query): Unknown column 'user' in 'where clause'
2018-03-28 01:27:46	Cannot complete query (query): Unknown column 'user' in 'where clause'
2018-03-28 01:46:31	Cannot complete query (query): Unknown column 'user' in 'where clause'
2018-03-28 01:56:36	Cannot complete query (query): Unknown column 'user' in 'where clause'
2018-03-28 08:35:43	Cannot complete query (query): Unknown column 'user' in 'where clause'
2018-03-28 08:51:52	Cannot complete query (query): Unknown column 'user' in 'where clause'
2018-03-28 08:59:25	Cannot complete query (query): Unknown column 'user' in 'where clause'
2018-04-08 11:15:01	Cannot complete query (query): Unknown column 'user' in 'where clause'
2018-04-08 11:15:12	Cannot complete query (query): Unknown column 'user' in 'where clause'
2018-04-08 11:23:55	Cannot complete query (query): Unknown column 'user' in 'where clause'
2018-04-08 12:12:46	Cannot complete query (query): Unknown column 'user' in 'where clause'
2018-08-21 13:09:17	Cannot complete query (query): Unknown column 'user' in 'where clause'
2019-06-03 20:50:10	Cannot complete query (query): Unknown column 'user' in 'where clause'
2019-06-04 10:22:00	Cannot complete query (query): Unknown column 'user' in 'where clause'
2019-06-04 13:17:46	Cannot complete query (query): Unknown column 'user' in 'where clause'
2019-06-04 17:01:37	Cannot complete query (query): Unknown column 'user' in 'where clause'
2019-06-04 18:10:19	Cannot complete query (query): Unknown column 'user' in 'where clause'
2019-06-05 04:04:53	Cannot complete query (query): Unknown column 'user' in 'where clause'
2019-08-15 23:29:10	Cannot complete query (query): Unknown column 'user' in 'where clause'
2019-08-16 01:03:11	Cannot complete query (query): Unknown column 'user' in 'where clause'
2019-08-16 01:08:03	Cannot complete query (query): Unknown column 'user' in 'where clause'
2019-08-16 01:12:37	Cannot complete query (query): Unknown column 'user' in 'where clause'
2019-08-16 01:17:57	Cannot complete query (query): Unknown column 'user' in 'where clause'
2019-08-16 01:27:56	Cannot complete query (query): Unknown column 'user' in 'where clause'
2019-08-16 01:30:21	Cannot complete query (query): Unknown column 'user' in 'where clause'
2019-08-16 01:32:34	Cannot complete query (query): Unknown column 'user' in 'where clause'
2019-08-16 01:35:29	Cannot complete query (query): Unknown column 'user' in 'where clause'
2019-08-16 01:39:28	Cannot complete query (query): Unknown column 'user' in 'where clause'
2019-08-16 02:15:30	Cannot complete query (query): Unknown column 'user' in 'where clause'
2019-08-16 02:18:25	Cannot complete query (query): Unknown column 'user' in 'where clause'
2019-08-16 02:23:40	Cannot complete query (query): Unknown column 'user' in 'where clause'
2019-08-16 02:31:02	Cannot complete query (query): Unknown column 'user' in 'where clause'
2019-08-16 02:34:58	Cannot complete query (query): Unknown column 'user' in 'where clause'
2019-08-16 02:40:57	Cannot complete query (query): Unknown column 'user' in 'where clause'
2019-08-16 02:47:52	Cannot complete query (query): Unknown column 'user' in 'where clause'
2019-08-16 02:50:04	Cannot complete query (query): Unknown column 'user' in 'where clause'
2019-08-16 02:53:01	Cannot complete query (query): Unknown column 'user' in 'where clause'
2019-08-16 03:12:17	Cannot complete query (query): Unknown column 'user' in 'where clause'
2019-08-16 03:24:47	Cannot complete query (query): Unknown column 'user' in 'where clause'
2019-08-16 03:27:53	Cannot complete query (query): Unknown column 'user' in 'where clause'
2019-08-16 03:32:44	Cannot complete query (query): Unknown column 'user' in 'where clause'
2019-08-16 04:15:11	Cannot complete query (query): Unknown column 'user' in 'where clause'
2019-08-16 04:28:34	Cannot complete query (query): Unknown column 'user' in 'where clause'
2019-08-16 04:37:26	Cannot complete query (query): Unknown column 'user' in 'where clause'
2019-08-16 04:54:30	Cannot complete query (query): Unknown column 'user' in 'where clause'
2019-08-16 04:57:45	Cannot complete query (query): Unknown column 'user' in 'where clause'
2019-08-16 05:00:23	Cannot complete query (query): Unknown column 'user' in 'where clause'
2019-08-16 05:03:42	Cannot complete query (query): Unknown column 'user' in 'where clause'
2019-08-16 05:09:18	Cannot complete query (query): Unknown column 'user' in 'where clause'
2019-08-16 05:45:22	Cannot complete query (query): Unknown column 'user' in 'where clause'
2019-08-16 05:49:02	Cannot complete query (query): Unknown column 'user' in 'where clause'
2019-08-16 05:52:50	Cannot complete query (query): Unknown column 'user' in 'where clause'
2019-08-16 06:06:34	Cannot complete query (query): Unknown column 'user' in 'where clause'
2019-08-16 06:08:27	Cannot complete query (query): Unknown column 'user' in 'where clause'
2019-08-16 06:29:13	Cannot complete query (query): Unknown column 'user' in 'where clause'
2019-08-16 06:45:55	Cannot complete query (query): Unknown column 'user' in 'where clause'
2019-08-17 01:14:56	Cannot complete query (query): Unknown column 'user' in 'where clause'
2019-08-17 01:21:53	Cannot complete query (query): Unknown column 'user' in 'where clause'
2019-08-17 01:23:42	Cannot complete query (query): Unknown column 'user' in 'where clause'
2019-08-17 01:32:08	Cannot complete query (query): Unknown column 'user' in 'where clause'
2019-08-17 01:35:10	Cannot complete query (query): Unknown column 'user' in 'where clause'
2019-08-17 02:49:47	Cannot complete query (query): Unknown column 'user' in 'where clause'
2019-08-17 02:53:03	Cannot complete query (query): Unknown column 'user' in 'where clause'
2019-08-17 04:03:36	Cannot complete query (query): Unknown column 'user' in 'where clause'
2019-08-17 04:23:32	Cannot complete query (query): Unknown column 'user' in 'where clause'
2019-08-17 04:33:56	Cannot complete query (query): Unknown column 'user' in 'where clause'
2019-08-17 12:06:37	Cannot complete query (query): Unknown column 'user' in 'where clause'
2019-08-19 04:35:31	Cannot complete query (query): Unknown column 'user' in 'where clause'
2019-08-19 04:36:21	Cannot complete query (query): Unknown column 'user' in 'where clause'
2019-08-19 04:44:48	Cannot complete query (query): Unknown column 'user' in 'where clause'
2019-08-19 04:59:18	Cannot complete query (query): Unknown column 'user' in 'where clause'
2019-08-19 05:41:25	Cannot complete query (query): Unknown column 'user' in 'where clause'
2019-08-19 05:45:01	Cannot complete query (query): Unknown column 'user' in 'where clause'
2019-08-19 05:48:02	Cannot complete query (query): Unknown column 'user' in 'where clause'
2019-08-19 05:54:24	Cannot complete query (query): Unknown column 'user' in 'where clause'
2019-08-19 05:59:27	Cannot complete query (query): Unknown column 'user' in 'where clause'
2019-08-19 06:02:45	Cannot complete query (query): Unknown column 'user' in 'where clause'
2019-08-19 06:05:20	Cannot complete query (query): Unknown column 'user' in 'where clause'
2019-08-19 06:07:38	Cannot complete query (query): Unknown column 'user' in 'where clause'
2019-08-19 06:10:55	Cannot complete query (query): Unknown column 'user' in 'where clause'
2019-08-19 06:32:07	Cannot complete query (query): Unknown column 'user' in 'where clause'
2019-08-19 19:37:47	Cannot complete query (query): Unknown column 'user' in 'where clause'
2019-09-14 17:42:55	Cannot complete query (query): Unknown column 'user' in 'where clause'
2019-09-14 17:50:46	Cannot complete query (query): Unknown column 'user' in 'where clause'
2019-09-14 18:11:14	Cannot complete query (query): Unknown column 'user' in 'where clause'
2019-09-19 02:46:19	Cannot complete query (query): Unknown column 'user' in 'where clause'
2019-12-05 11:25:38	Cannot complete query (query): Unknown column 'user' in 'where clause'
2019-12-05 11:40:57	Cannot complete query (query): Unknown column 'user' in 'where clause'
2019-12-18 09:34:14	Cannot complete query (query): Unknown column 'user' in 'where clause'
2020-02-12 02:16:09	Cannot complete query (query): Unknown column 'user' in 'where clause'
2020-02-13 21:09:02	Cannot complete query (query): Unknown column 'user' in 'where clause'
2020-02-13 21:09:04	Cannot complete query (query): Unknown column 'user' in 'where clause'
2020-02-13 21:09:04	Cannot complete query (query): Unknown column 'user' in 'where clause'
2020-02-13 21:09:04	Cannot complete query (query): Unknown column 'user' in 'where clause'
2020-02-13 21:09:04	Cannot complete query (query): Unknown column 'user' in 'where clause'
2020-02-13 21:09:04	Cannot complete query (query): Unknown column 'user' in 'where clause'
2020-02-13 21:09:05	Cannot complete query (query): Unknown column 'user' in 'where clause'
2020-02-15 01:14:05	Cannot complete query (query): Unknown column 'user' in 'where clause'
2020-02-19 04:26:07	Cannot complete query (query): Unknown column 'user' in 'where clause'
2020-10-28 09:29:05	Cannot complete query (query): Unknown column 'user' in 'where clause'
2021-02-25 02:20:46	Cannot complete query (query): Unknown column 'user' in 'where clause'
2021-02-25 02:51:53	Cannot complete query (query): Unknown column 'user' in 'where clause'
2021-02-25 04:23:07	Cannot complete query (query): Unknown column 'user' in 'where clause'
2021-02-25 04:35:12	Cannot complete query (query): Unknown column 'user' in 'where clause'
2021-02-25 04:49:10	Cannot complete query (query): Unknown column 'user' in 'where clause'
2021-07-12 01:50:54	Cannot complete query (query): Unknown column 'user' in 'where clause'
2021-08-29 03:39:32	Cannot complete query (getRow): You have an error in your SQL syntax; check the manual that corresponds to your MySQL server version for the right syntax to use near ''Analyste-Financier'' LIMIT 1' at line 1
2022-03-22 23:19:52	Cannot complete query (query): Unknown column 'user' in 'where clause'
2022-03-22 23:19:53	Cannot complete query (query): Unknown column 'user' in 'where clause'
2022-03-22 23:19:53	Cannot complete query (query): Unknown column 'user' in 'where clause'
2022-03-22 23:19:53	Cannot complete query (query): Unknown column 'user' in 'where clause'
2022-03-22 23:19:53	Cannot complete query (query): Unknown column 'user' in 'where clause'
2022-03-22 23:19:53	Cannot complete query (query): Unknown column 'user' in 'where clause'
2022-03-22 23:19:53	Cannot complete query (query): Unknown column 'user' in 'where clause'
2022-03-22 23:19:53	Cannot complete query (query): Unknown column 'user' in 'where clause'
2022-03-22 23:19:53	Cannot complete query (query): Unknown column 'user' in 'where clause'
2022-03-22 23:19:53	Cannot complete query (query): Unknown column 'user' in 'where clause'
2022-03-22 23:19:54	Cannot complete query (query): Unknown column 'user' in 'where clause'
2022-03-22 23:19:54	Cannot complete query (query): Unknown column 'user' in 'where clause'
2022-03-22 23:19:54	Cannot complete query (query): Unknown column 'user' in 'where clause'
2022-03-22 23:19:54	Cannot complete query (query): Unknown column 'user' in 'where clause'
2022-03-22 23:19:54	Cannot complete query (query): Unknown column 'user' in 'where clause'
2022-03-22 23:19:54	Cannot complete query (query): Unknown column 'user' in 'where clause'
2022-03-22 23:19:54	Cannot complete query (query): Unknown column 'user' in 'where clause'
2022-03-22 23:19:55	Cannot complete query (query): Unknown column 'user' in 'where clause'
2022-03-22 23:19:55	Cannot complete query (query): Unknown column 'user' in 'where clause'
2022-03-22 23:19:55	Cannot complete query (query): Unknown column 'user' in 'where clause'
2022-03-22 23:19:55	Cannot complete query (query): Unknown column 'user' in 'where clause'
2022-03-22 23:19:55	Cannot complete query (query): Unknown column 'user' in 'where clause'
2022-03-22 23:19:55	Cannot complete query (query): Unknown column 'user' in 'where clause'
2022-03-22 23:19:56	Cannot complete query (query): Unknown column 'user' in 'where clause'
2022-03-22 23:19:56	Cannot complete query (query): Unknown column 'user' in 'where clause'
2022-03-22 23:19:56	Cannot complete query (query): Unknown column 'user' in 'where clause'
2022-03-22 23:19:56	Cannot complete query (query): Unknown column 'user' in 'where clause'
2022-03-22 23:19:56	Cannot complete query (query): Unknown column 'user' in 'where clause'
2022-03-22 23:19:56	Cannot complete query (query): Unknown column 'user' in 'where clause'
2022-03-22 23:19:57	Cannot complete query (query): Unknown column 'user' in 'where clause'
2024-09-30 04:04:10	Cannot complete query (getRow): You have an error in your SQL syntax; check the manual that corresponds to your MySQL server version for the right syntax to use near ''OPODO-Business'' LIMIT 1' at line 1
2024-09-30 22:54:38	Cannot complete query (getRow): You have an error in your SQL syntax; check the manual that corresponds to your MySQL server version for the right syntax to use near ''OPODO-Business'' LIMIT 1' at line 1
2024-10-26 23:35:12	Cannot complete query (getRow): You have an error in your SQL syntax; check the manual that corresponds to your MySQL server version for the right syntax to use near ''Agro-Business-International-Republique-Democratique-du-Congo'' LIMIT 1' at line 1
2024-10-29 01:49:42	Cannot complete query (getRow): You have an error in your SQL syntax; check the manual that corresponds to your MySQL server version for the right syntax to use near ''Business-Intelligence'' LIMIT 1' at line 1
2024-11-02 18:46:03	Cannot complete query (getRow): You have an error in your SQL syntax; check the manual that corresponds to your MySQL server version for the right syntax to use near ''Project-Manager'' LIMIT 1' at line 1
2024-11-23 13:55:54	Cannot complete query (getRow): You have an error in your SQL syntax; check the manual that corresponds to your MySQL server version for the right syntax to use near ''Technicien-Informatique'' LIMIT 1' at line 1
2024-12-21 01:49:17	Cannot complete query (query): Unknown column 'user' in 'where clause'
2024-12-21 02:01:47	Cannot complete query (query): Unknown column 'user' in 'where clause'
2024-12-21 02:12:45	Cannot complete query (query): Unknown column 'user' in 'where clause'
2024-12-21 03:03:00	Cannot complete query (query): Unknown column 'user' in 'where clause'
2025-03-10 15:34:33	Cannot complete query (getRow): You have an error in your SQL syntax; check the manual that corresponds to your MariaDB server version for the right syntax to use near '''' LIMIT 1' at line 1
2025-03-10 15:34:36	Cannot complete query (getRow): You have an error in your SQL syntax; check the manual that corresponds to your MariaDB server version for the right syntax to use near ''Ingenieur-commercial-2018-08-05'' LIMIT 1' at line 1
2025-03-12 16:56:25	Cannot complete query (getRow): You have an error in your SQL syntax; check the manual that corresponds to your MariaDB server version for the right syntax to use near '''' LIMIT 1' at line 1
2025-03-12 16:56:27	Cannot complete query (getRow): You have an error in your SQL syntax; check the manual that corresponds to your MariaDB server version for the right syntax to use near ''Business-Intelligence'' LIMIT 1' at line 1
2025-05-01 03:37:24	Cannot complete query (getRow): You have an error in your SQL syntax; check the manual that corresponds to your MariaDB server version for the right syntax to use near ''Project-Manager'' LIMIT 1' at line 1
2025-05-29 01:19:05	Cannot complete query (getRow): You have an error in your SQL syntax; check the manual that corresponds to your MariaDB server version for the right syntax to use near ''Graphiste-Designer'' LIMIT 1' at line 1
2025-06-06 08:00:53	Cannot complete query (getRow): You have an error in your SQL syntax; check the manual that corresponds to your MariaDB server version for the right syntax to use near ''Business-Intelligence'' LIMIT 1' at line 1
2025-06-23 13:34:36	Cannot complete query (getRow): You have an error in your SQL syntax; check the manual that corresponds to your MariaDB server version for the right syntax to use near '''' LIMIT 1' at line 1
2025-06-23 13:34:39	Cannot complete query (getRow): You have an error in your SQL syntax; check the manual that corresponds to your MariaDB server version for the right syntax to use near ''Analyste-Financier'' LIMIT 1' at line 1
2025-07-01 01:37:00	Cannot complete query (getRow): You have an error in your SQL syntax; check the manual that corresponds to your MariaDB server version for the right syntax to use near '''' LIMIT 1' at line 1
2025-07-01 01:37:05	Cannot complete query (getRow): You have an error in your SQL syntax; check the manual that corresponds to your MariaDB server version for the right syntax to use near ''Business-Management'' LIMIT 1' at line 1
2025-07-25 06:59:06	Cannot complete query (getRow): You have an error in your SQL syntax; check the manual that corresponds to your MariaDB server version for the right syntax to use near '''' LIMIT 1' at line 1
2025-07-25 06:59:13	Cannot complete query (getRow): You have an error in your SQL syntax; check the manual that corresponds to your MariaDB server version for the right syntax to use near ''Business-Intelligence'' LIMIT 1' at line 1
2025-09-13 22:54:29	Cannot complete query (query): Unknown column 'user' in 'WHERE'
2025-10-17 04:18:08	Cannot complete query (query): Unknown column 'user' in 'WHERE'
2025-11-26 17:15:16	Cannot complete query (getRow): You have an error in your SQL syntax; check the manual that corresponds to your MariaDB server version for the right syntax to use near '''' LIMIT 1' at line 1
2025-11-26 17:15:20	Cannot complete query (getRow): You have an error in your SQL syntax; check the manual that corresponds to your MariaDB server version for the right syntax to use near ''Business-Management'' LIMIT 1' at line 1
2025-12-01 10:03:46	Cannot complete query (getRow): You have an error in your SQL syntax; check the manual that corresponds to your MariaDB server version for the right syntax to use near '''' LIMIT 1' at line 1
2025-12-01 10:03:50	Cannot complete query (getRow): You have an error in your SQL syntax; check the manual that corresponds to your MariaDB server version for the right syntax to use near ''TEST'' LIMIT 1' at line 1
2025-12-03 23:56:57	Cannot complete query (getRow): You have an error in your SQL syntax; check the manual that corresponds to your MariaDB server version for the right syntax to use near '''' LIMIT 1' at line 1
2025-12-03 23:57:00	Cannot complete query (getRow): You have an error in your SQL syntax; check the manual that corresponds to your MariaDB server version for the right syntax to use near ''TEST'' LIMIT 1' at line 1
2025-12-04 00:10:12	Cannot complete query (getRow): You have an error in your SQL syntax; check the manual that corresponds to your MariaDB server version for the right syntax to use near '''' LIMIT 1' at line 1
2025-12-04 00:10:21	Cannot complete query (getRow): You have an error in your SQL syntax; check the manual that corresponds to your MariaDB server version for the right syntax to use near ''TEST'' LIMIT 1' at line 1
2025-12-06 11:18:12	Cannot complete query (getRow): You have an error in your SQL syntax; check the manual that corresponds to your MariaDB server version for the right syntax to use near '''' LIMIT 1' at line 1
2025-12-06 11:18:32	Cannot complete query (getRow): You have an error in your SQL syntax; check the manual that corresponds to your MariaDB server version for the right syntax to use near ''TEST'' LIMIT 1' at line 1
2025-12-07 04:47:18	Cannot complete query (getRow): You have an error in your SQL syntax; check the manual that corresponds to your MariaDB server version for the right syntax to use near ''TEST'' LIMIT 1' at line 1
2025-12-11 02:21:12	Cannot complete query (getRow): FUNCTION congoconnect_db.var_dump does not exist
2025-12-11 20:40:37	Cannot complete query (getRow): You have an error in your SQL syntax; check the manual that corresponds to your MariaDB server version for the right syntax to use near 'XSS')</script>' LIMIT 1' at line 1
2025-12-11 20:40:40	Cannot complete query (getRow): You have an error in your SQL syntax; check the manual that corresponds to your MariaDB server version for the right syntax to use near '''' LIMIT 1' at line 1
2025-12-11 20:40:45	Cannot complete query (getRow): You have an error in your SQL syntax; check the manual that corresponds to your MariaDB server version for the right syntax to use near ''TEST'' LIMIT 1' at line 1
2025-12-13 16:53:55	Cannot complete query (getRow): You have an error in your SQL syntax; check the manual that corresponds to your MariaDB server version for the right syntax to use near '''' LIMIT 1' at line 1
2025-12-13 16:53:59	Cannot complete query (getRow): You have an error in your SQL syntax; check the manual that corresponds to your MariaDB server version for the right syntax to use near ''Business-Management'' LIMIT 1' at line 1
2025-12-13 17:13:39	Cannot complete query (getRow): You have an error in your SQL syntax; check the manual that corresponds to your MariaDB server version for the right syntax to use near '''' LIMIT 1' at line 1
2025-12-13 17:13:43	Cannot complete query (getRow): You have an error in your SQL syntax; check the manual that corresponds to your MariaDB server version for the right syntax to use near ''TEST'' LIMIT 1' at line 1
2025-12-13 17:21:44	Cannot complete query (getRow): You have an error in your SQL syntax; check the manual that corresponds to your MariaDB server version for the right syntax to use near ''TEST'' LIMIT 1' at line 1
2025-12-15 13:04:39	Cannot complete query (query): Unknown column 'user' in 'WHERE'
2026-01-06 22:35:10	Cannot complete query (query): Unknown column 'user' in 'WHERE'
2026-01-07 00:05:00	Cannot complete query (query): Unknown column 'user' in 'WHERE'
2026-01-07 00:29:29	Cannot complete query (query): Unknown column 'user' in 'WHERE'
2026-01-07 02:06:52	Cannot complete query (query): Unknown column 'user' in 'WHERE'
2026-01-07 12:52:47	Cannot complete query (query): Unknown column 'user' in 'WHERE'
2026-01-07 12:55:15	Cannot complete query (query): Unknown column 'user' in 'WHERE'
2026-01-07 13:26:25	Cannot complete query (query): Unknown column 'user' in 'WHERE'
2026-01-07 13:31:59	Cannot complete query (query): Unknown column 'user' in 'WHERE'
2026-01-07 13:57:18	Cannot complete query (query): Unknown column 'user' in 'WHERE'
2026-01-07 14:01:54	Cannot complete query (query): Unknown column 'user' in 'WHERE'
2026-01-07 14:08:07	Cannot complete query (query): Unknown column 'user' in 'WHERE'
2026-01-07 19:19:38	Cannot complete query (query): Unknown column 'user' in 'WHERE'
2026-01-07 20:20:18	Cannot complete query (query): Unknown column 'user' in 'WHERE'
2026-01-07 20:43:50	Cannot complete query (query): Unknown column 'user' in 'WHERE'
2026-01-07 20:51:09	Cannot complete query (query): Unknown column 'user' in 'WHERE'
2026-01-07 21:06:50	Cannot complete query (query): Unknown column 'user' in 'WHERE'
2026-01-07 21:56:53	Cannot complete query (query): Unknown column 'user' in 'WHERE'
2026-01-07 22:01:12	Cannot complete query (query): Unknown column 'user' in 'WHERE'
2026-01-08 03:28:55	Cannot complete query (query): Unknown column 'user' in 'WHERE'
2026-01-08 03:46:52	Cannot complete query (query): Unknown column 'user' in 'WHERE'
2026-01-08 04:19:15	Cannot complete query (query): Unknown column 'user' in 'WHERE'
2026-01-08 04:36:16	Cannot complete query (query): Unknown column 'user' in 'WHERE'
2026-01-08 04:52:50	Cannot complete query (query): Unknown column 'user' in 'WHERE'
2026-01-08 05:51:12	Cannot complete query (query): Unknown column 'user' in 'WHERE'
2026-01-08 05:59:54	Cannot complete query (query): Unknown column 'user' in 'WHERE'
2026-01-08 06:19:32	Cannot complete query (query): Unknown column 'user' in 'WHERE'
2026-01-08 23:58:29	Cannot complete query (query): Unknown column 'user' in 'WHERE'
2026-01-09 00:20:24	Cannot complete query (query): Unknown column 'user' in 'WHERE'
2026-01-09 00:33:55	Cannot complete query (query): Unknown column 'user' in 'WHERE'
2026-01-09 01:32:12	Cannot complete query (query): Unknown column 'user' in 'WHERE'
2026-01-09 02:03:05	Cannot complete query (query): Unknown column 'user' in 'WHERE'
2026-01-09 02:17:32	Cannot complete query (query): Unknown column 'user' in 'WHERE'
2026-01-09 02:27:33	Cannot complete query (query): Unknown column 'user' in 'WHERE'
2026-01-09 04:04:31	Cannot complete query (query): Unknown column 'user' in 'WHERE'
2026-01-09 04:22:49	Cannot complete query (query): Unknown column 'user' in 'WHERE'
2026-01-09 04:38:04	Cannot complete query (query): Unknown column 'user' in 'WHERE'
2026-01-09 04:52:10	Cannot complete query (query): Unknown column 'user' in 'WHERE'
2026-01-09 04:59:44	Cannot complete query (query): Unknown column 'user' in 'WHERE'
2026-01-11 01:15:41	Cannot complete query (query): Unknown column 'user' in 'WHERE'
2026-01-11 01:25:34	Cannot complete query (query): Unknown column 'user' in 'WHERE'
2026-01-11 01:43:58	Cannot complete query (query): Unknown column 'user' in 'WHERE'
2026-01-11 01:58:00	Cannot complete query (query): Unknown column 'user' in 'WHERE'
2026-01-11 02:01:23	Cannot complete query (query): Unknown column 'user' in 'WHERE'
2026-01-11 02:04:47	Cannot complete query (query): Unknown column 'user' in 'WHERE'
2026-01-11 03:30:47	Cannot complete query (query): Unknown column 'user' in 'WHERE'
2026-01-16 14:52:30	Cannot complete query (query): Unknown column 'user' in 'WHERE'
2026-01-16 16:06:01	Cannot complete query (query): Unknown column 'user' in 'WHERE'
2026-01-16 16:09:09	Cannot complete query (query): Unknown column 'user' in 'WHERE'
